ARM GAS  C:\Users\biosh\AppData\Local\Temp\ccmrSeu2.s 			page 1


   1              		.syntax unified
   2              		.cpu cortex-m0
   3              		.fpu softvfp
   4              		.eabi_attribute 20, 1
   5              		.eabi_attribute 21, 1
   6              		.eabi_attribute 23, 3
   7              		.eabi_attribute 24, 1
   8              		.eabi_attribute 25, 1
   9              		.eabi_attribute 26, 1
  10              		.eabi_attribute 30, 1
  11              		.eabi_attribute 34, 0
  12              		.eabi_attribute 18, 4
  13              		.thumb
  14              		.syntax unified
  15              		.file	"Filas.c"
  16              		.text
  17              	.Ltext0:
  18              		.cfi_sections	.debug_frame
  19              		.section	.text.Filas_SetDriveMode,"ax",%progbits
  20              		.align	2
  21              		.global	Filas_SetDriveMode
  22              		.code	16
  23              		.thumb_func
  24              		.type	Filas_SetDriveMode, %function
  25              	Filas_SetDriveMode:
  26              	.LFB0:
  27              		.file 1 "Generated_Source\\PSoC4\\Filas.c"
   1:Generated_Source\PSoC4/Filas.c **** /*******************************************************************************
   2:Generated_Source\PSoC4/Filas.c **** * File Name: Filas.c  
   3:Generated_Source\PSoC4/Filas.c **** * Version 2.20
   4:Generated_Source\PSoC4/Filas.c **** *
   5:Generated_Source\PSoC4/Filas.c **** * Description:
   6:Generated_Source\PSoC4/Filas.c **** *  This file contains API to enable firmware control of a Pins component.
   7:Generated_Source\PSoC4/Filas.c **** *
   8:Generated_Source\PSoC4/Filas.c **** ********************************************************************************
   9:Generated_Source\PSoC4/Filas.c **** * Copyright 2008-2015, Cypress Semiconductor Corporation.  All rights reserved.
  10:Generated_Source\PSoC4/Filas.c **** * You may use this file only in accordance with the license, terms, conditions, 
  11:Generated_Source\PSoC4/Filas.c **** * disclaimers, and limitations in the end user license agreement accompanying 
  12:Generated_Source\PSoC4/Filas.c **** * the software package with which this file was provided.
  13:Generated_Source\PSoC4/Filas.c **** *******************************************************************************/
  14:Generated_Source\PSoC4/Filas.c **** 
  15:Generated_Source\PSoC4/Filas.c **** #include "cytypes.h"
  16:Generated_Source\PSoC4/Filas.c **** #include "Filas.h"
  17:Generated_Source\PSoC4/Filas.c **** 
  18:Generated_Source\PSoC4/Filas.c **** 
  19:Generated_Source\PSoC4/Filas.c **** #if defined(Filas__PC)
  20:Generated_Source\PSoC4/Filas.c ****     #define Filas_SetP4PinDriveMode(shift, mode)  \
  21:Generated_Source\PSoC4/Filas.c ****     do { \
  22:Generated_Source\PSoC4/Filas.c ****         Filas_PC =   (Filas_PC & \
  23:Generated_Source\PSoC4/Filas.c ****                                 (uint32)(~(uint32)(Filas_DRIVE_MODE_IND_MASK << \
  24:Generated_Source\PSoC4/Filas.c ****                                 (Filas_DRIVE_MODE_BITS * (shift))))) | \
  25:Generated_Source\PSoC4/Filas.c ****                                 (uint32)((uint32)(mode) << \
  26:Generated_Source\PSoC4/Filas.c ****                                 (Filas_DRIVE_MODE_BITS * (shift))); \
  27:Generated_Source\PSoC4/Filas.c ****     } while (0)
  28:Generated_Source\PSoC4/Filas.c **** #else
  29:Generated_Source\PSoC4/Filas.c ****     #if (CY_PSOC4_4200L)
  30:Generated_Source\PSoC4/Filas.c ****         #define Filas_SetP4PinDriveMode(shift, mode)  \
ARM GAS  C:\Users\biosh\AppData\Local\Temp\ccmrSeu2.s 			page 2


  31:Generated_Source\PSoC4/Filas.c ****         do { \
  32:Generated_Source\PSoC4/Filas.c ****             Filas_USBIO_CTRL_REG = (Filas_USBIO_CTRL_REG & \
  33:Generated_Source\PSoC4/Filas.c ****                                     (uint32)(~(uint32)(Filas_DRIVE_MODE_IND_MASK << \
  34:Generated_Source\PSoC4/Filas.c ****                                     (Filas_DRIVE_MODE_BITS * (shift))))) | \
  35:Generated_Source\PSoC4/Filas.c ****                                     (uint32)((uint32)(mode) << \
  36:Generated_Source\PSoC4/Filas.c ****                                     (Filas_DRIVE_MODE_BITS * (shift))); \
  37:Generated_Source\PSoC4/Filas.c ****         } while (0)
  38:Generated_Source\PSoC4/Filas.c ****     #endif
  39:Generated_Source\PSoC4/Filas.c **** #endif
  40:Generated_Source\PSoC4/Filas.c ****   
  41:Generated_Source\PSoC4/Filas.c **** 
  42:Generated_Source\PSoC4/Filas.c **** #if defined(Filas__PC) || (CY_PSOC4_4200L) 
  43:Generated_Source\PSoC4/Filas.c ****     /*******************************************************************************
  44:Generated_Source\PSoC4/Filas.c ****     * Function Name: Filas_SetDriveMode
  45:Generated_Source\PSoC4/Filas.c ****     ****************************************************************************//**
  46:Generated_Source\PSoC4/Filas.c ****     *
  47:Generated_Source\PSoC4/Filas.c ****     * \brief Sets the drive mode for each of the Pins component's pins.
  48:Generated_Source\PSoC4/Filas.c ****     * 
  49:Generated_Source\PSoC4/Filas.c ****     * <b>Note</b> This affects all pins in the Pins component instance. Use the
  50:Generated_Source\PSoC4/Filas.c ****     * Per-Pin APIs if you wish to control individual pin's drive modes.
  51:Generated_Source\PSoC4/Filas.c ****     *
  52:Generated_Source\PSoC4/Filas.c ****     * <b>Note</b> USBIOs have limited drive functionality. Refer to the Drive Mode
  53:Generated_Source\PSoC4/Filas.c ****     * parameter for more information.
  54:Generated_Source\PSoC4/Filas.c ****     *
  55:Generated_Source\PSoC4/Filas.c ****     * \param mode
  56:Generated_Source\PSoC4/Filas.c ****     *  Mode for the selected signals. Valid options are documented in 
  57:Generated_Source\PSoC4/Filas.c ****     *  \ref driveMode.
  58:Generated_Source\PSoC4/Filas.c ****     *
  59:Generated_Source\PSoC4/Filas.c ****     * \return
  60:Generated_Source\PSoC4/Filas.c ****     *  None
  61:Generated_Source\PSoC4/Filas.c ****     *
  62:Generated_Source\PSoC4/Filas.c ****     * \sideeffect
  63:Generated_Source\PSoC4/Filas.c ****     *  If you use read-modify-write operations that are not atomic, the ISR can
  64:Generated_Source\PSoC4/Filas.c ****     *  cause corruption of this function. An ISR that interrupts this function 
  65:Generated_Source\PSoC4/Filas.c ****     *  and performs writes to the Pins component Drive Mode registers can cause 
  66:Generated_Source\PSoC4/Filas.c ****     *  corrupted port data. To avoid this issue, you should either use the Per-Pin
  67:Generated_Source\PSoC4/Filas.c ****     *  APIs (primary method) or disable interrupts around this function.
  68:Generated_Source\PSoC4/Filas.c ****     *
  69:Generated_Source\PSoC4/Filas.c ****     * \funcusage
  70:Generated_Source\PSoC4/Filas.c ****     *  \snippet Filas_SUT.c usage_Filas_SetDriveMode
  71:Generated_Source\PSoC4/Filas.c ****     *******************************************************************************/
  72:Generated_Source\PSoC4/Filas.c ****     void Filas_SetDriveMode(uint8 mode)
  73:Generated_Source\PSoC4/Filas.c ****     {
  28              		.loc 1 73 0
  29              		.cfi_startproc
  30              		@ args = 0, pretend = 0, frame = 0
  31              		@ frame_needed = 0, uses_anonymous_args = 0
  32              		@ link register save eliminated.
  33              	.LVL0:
  74:Generated_Source\PSoC4/Filas.c **** 		Filas_SetP4PinDriveMode(Filas__0__SHIFT, mode);
  34              		.loc 1 74 0
  35 0000 0C4B     		ldr	r3, .L2
  36 0002 1968     		ldr	r1, [r3]
  37 0004 0C4A     		ldr	r2, .L2+4
  38 0006 0A40     		ands	r2, r1
  39 0008 8101     		lsls	r1, r0, #6
  40 000a 0A43     		orrs	r2, r1
ARM GAS  C:\Users\biosh\AppData\Local\Temp\ccmrSeu2.s 			page 3


  41 000c 1A60     		str	r2, [r3]
  75:Generated_Source\PSoC4/Filas.c **** 		Filas_SetP4PinDriveMode(Filas__1__SHIFT, mode);
  42              		.loc 1 75 0
  43 000e 1968     		ldr	r1, [r3]
  44 0010 0A4A     		ldr	r2, .L2+8
  45 0012 0A40     		ands	r2, r1
  46 0014 4102     		lsls	r1, r0, #9
  47 0016 0A43     		orrs	r2, r1
  48 0018 1A60     		str	r2, [r3]
  76:Generated_Source\PSoC4/Filas.c **** 		Filas_SetP4PinDriveMode(Filas__2__SHIFT, mode);
  49              		.loc 1 76 0
  50 001a 1968     		ldr	r1, [r3]
  51 001c 084A     		ldr	r2, .L2+12
  52 001e 0A40     		ands	r2, r1
  53 0020 0103     		lsls	r1, r0, #12
  54 0022 0A43     		orrs	r2, r1
  55 0024 1A60     		str	r2, [r3]
  77:Generated_Source\PSoC4/Filas.c **** 		Filas_SetP4PinDriveMode(Filas__3__SHIFT, mode);
  56              		.loc 1 77 0
  57 0026 1968     		ldr	r1, [r3]
  58 0028 064A     		ldr	r2, .L2+16
  59 002a 0A40     		ands	r2, r1
  60 002c C003     		lsls	r0, r0, #15
  61              	.LVL1:
  62 002e 1043     		orrs	r0, r2
  63 0030 1860     		str	r0, [r3]
  78:Generated_Source\PSoC4/Filas.c ****     }
  64              		.loc 1 78 0
  65              		@ sp needed
  66 0032 7047     		bx	lr
  67              	.L3:
  68              		.align	2
  69              	.L2:
  70 0034 08020440 		.word	1074004488
  71 0038 3FFEFFFF 		.word	-449
  72 003c FFF1FFFF 		.word	-3585
  73 0040 FF8FFFFF 		.word	-28673
  74 0044 FF7FFCFF 		.word	-229377
  75              		.cfi_endproc
  76              	.LFE0:
  77              		.size	Filas_SetDriveMode, .-Filas_SetDriveMode
  78              		.section	.text.Filas_Write,"ax",%progbits
  79              		.align	2
  80              		.global	Filas_Write
  81              		.code	16
  82              		.thumb_func
  83              		.type	Filas_Write, %function
  84              	Filas_Write:
  85              	.LFB1:
  79:Generated_Source\PSoC4/Filas.c **** #endif
  80:Generated_Source\PSoC4/Filas.c **** 
  81:Generated_Source\PSoC4/Filas.c **** 
  82:Generated_Source\PSoC4/Filas.c **** /*******************************************************************************
  83:Generated_Source\PSoC4/Filas.c **** * Function Name: Filas_Write
  84:Generated_Source\PSoC4/Filas.c **** ****************************************************************************//**
  85:Generated_Source\PSoC4/Filas.c **** *
  86:Generated_Source\PSoC4/Filas.c **** * \brief Writes the value to the physical port (data output register), masking
ARM GAS  C:\Users\biosh\AppData\Local\Temp\ccmrSeu2.s 			page 4


  87:Generated_Source\PSoC4/Filas.c **** *  and shifting the bits appropriately. 
  88:Generated_Source\PSoC4/Filas.c **** *
  89:Generated_Source\PSoC4/Filas.c **** * The data output register controls the signal applied to the physical pin in 
  90:Generated_Source\PSoC4/Filas.c **** * conjunction with the drive mode parameter. This function avoids changing 
  91:Generated_Source\PSoC4/Filas.c **** * other bits in the port by using the appropriate method (read-modify-write or
  92:Generated_Source\PSoC4/Filas.c **** * bit banding).
  93:Generated_Source\PSoC4/Filas.c **** *
  94:Generated_Source\PSoC4/Filas.c **** * <b>Note</b> This function should not be used on a hardware digital output pin 
  95:Generated_Source\PSoC4/Filas.c **** * as it is driven by the hardware signal attached to it.
  96:Generated_Source\PSoC4/Filas.c **** *
  97:Generated_Source\PSoC4/Filas.c **** * \param value
  98:Generated_Source\PSoC4/Filas.c **** *  Value to write to the component instance.
  99:Generated_Source\PSoC4/Filas.c **** *
 100:Generated_Source\PSoC4/Filas.c **** * \return 
 101:Generated_Source\PSoC4/Filas.c **** *  None 
 102:Generated_Source\PSoC4/Filas.c **** *
 103:Generated_Source\PSoC4/Filas.c **** * \sideeffect
 104:Generated_Source\PSoC4/Filas.c **** *  If you use read-modify-write operations that are not atomic; the Interrupt 
 105:Generated_Source\PSoC4/Filas.c **** *  Service Routines (ISR) can cause corruption of this function. An ISR that 
 106:Generated_Source\PSoC4/Filas.c **** *  interrupts this function and performs writes to the Pins component data 
 107:Generated_Source\PSoC4/Filas.c **** *  register can cause corrupted port data. To avoid this issue, you should 
 108:Generated_Source\PSoC4/Filas.c **** *  either use the Per-Pin APIs (primary method) or disable interrupts around 
 109:Generated_Source\PSoC4/Filas.c **** *  this function.
 110:Generated_Source\PSoC4/Filas.c **** *
 111:Generated_Source\PSoC4/Filas.c **** * \funcusage
 112:Generated_Source\PSoC4/Filas.c **** *  \snippet Filas_SUT.c usage_Filas_Write
 113:Generated_Source\PSoC4/Filas.c **** *******************************************************************************/
 114:Generated_Source\PSoC4/Filas.c **** void Filas_Write(uint8 value)
 115:Generated_Source\PSoC4/Filas.c **** {
  86              		.loc 1 115 0
  87              		.cfi_startproc
  88              		@ args = 0, pretend = 0, frame = 0
  89              		@ frame_needed = 0, uses_anonymous_args = 0
  90              		@ link register save eliminated.
  91              	.LVL2:
 116:Generated_Source\PSoC4/Filas.c ****     uint8 drVal = (uint8)(Filas_DR & (uint8)(~Filas_MASK));
  92              		.loc 1 116 0
  93 0000 0449     		ldr	r1, .L5
  94 0002 0A68     		ldr	r2, [r1]
  95 0004 D2B2     		uxtb	r2, r2
  96 0006 3C23     		movs	r3, #60
  97 0008 9A43     		bics	r2, r3
  98              	.LVL3:
 117:Generated_Source\PSoC4/Filas.c ****     drVal = (drVal | ((uint8)(value << Filas_SHIFT) & Filas_MASK));
  99              		.loc 1 117 0
 100 000a 8000     		lsls	r0, r0, #2
 101              	.LVL4:
 102 000c 1840     		ands	r0, r3
 103 000e 1043     		orrs	r0, r2
 104              	.LVL5:
 118:Generated_Source\PSoC4/Filas.c ****     Filas_DR = (uint32)drVal;
 105              		.loc 1 118 0
 106 0010 0860     		str	r0, [r1]
 119:Generated_Source\PSoC4/Filas.c **** }
 107              		.loc 1 119 0
 108              		@ sp needed
 109 0012 7047     		bx	lr
ARM GAS  C:\Users\biosh\AppData\Local\Temp\ccmrSeu2.s 			page 5


 110              	.L6:
 111              		.align	2
 112              	.L5:
 113 0014 00020440 		.word	1074004480
 114              		.cfi_endproc
 115              	.LFE1:
 116              		.size	Filas_Write, .-Filas_Write
 117              		.section	.text.Filas_Read,"ax",%progbits
 118              		.align	2
 119              		.global	Filas_Read
 120              		.code	16
 121              		.thumb_func
 122              		.type	Filas_Read, %function
 123              	Filas_Read:
 124              	.LFB2:
 120:Generated_Source\PSoC4/Filas.c **** 
 121:Generated_Source\PSoC4/Filas.c **** 
 122:Generated_Source\PSoC4/Filas.c **** /*******************************************************************************
 123:Generated_Source\PSoC4/Filas.c **** * Function Name: Filas_Read
 124:Generated_Source\PSoC4/Filas.c **** ****************************************************************************//**
 125:Generated_Source\PSoC4/Filas.c **** *
 126:Generated_Source\PSoC4/Filas.c **** * \brief Reads the associated physical port (pin status register) and masks 
 127:Generated_Source\PSoC4/Filas.c **** *  the required bits according to the width and bit position of the component
 128:Generated_Source\PSoC4/Filas.c **** *  instance. 
 129:Generated_Source\PSoC4/Filas.c **** *
 130:Generated_Source\PSoC4/Filas.c **** * The pin's status register returns the current logic level present on the 
 131:Generated_Source\PSoC4/Filas.c **** * physical pin.
 132:Generated_Source\PSoC4/Filas.c **** *
 133:Generated_Source\PSoC4/Filas.c **** * \return 
 134:Generated_Source\PSoC4/Filas.c **** *  The current value for the pins in the component as a right justified number.
 135:Generated_Source\PSoC4/Filas.c **** *
 136:Generated_Source\PSoC4/Filas.c **** * \funcusage
 137:Generated_Source\PSoC4/Filas.c **** *  \snippet Filas_SUT.c usage_Filas_Read  
 138:Generated_Source\PSoC4/Filas.c **** *******************************************************************************/
 139:Generated_Source\PSoC4/Filas.c **** uint8 Filas_Read(void)
 140:Generated_Source\PSoC4/Filas.c **** {
 125              		.loc 1 140 0
 126              		.cfi_startproc
 127              		@ args = 0, pretend = 0, frame = 0
 128              		@ frame_needed = 0, uses_anonymous_args = 0
 129              		@ link register save eliminated.
 141:Generated_Source\PSoC4/Filas.c ****     return (uint8)((Filas_PS & Filas_MASK) >> Filas_SHIFT);
 130              		.loc 1 141 0
 131 0000 024B     		ldr	r3, .L8
 132 0002 1868     		ldr	r0, [r3]
 133 0004 8008     		lsrs	r0, r0, #2
 134 0006 0F23     		movs	r3, #15
 135 0008 1840     		ands	r0, r3
 142:Generated_Source\PSoC4/Filas.c **** }
 136              		.loc 1 142 0
 137              		@ sp needed
 138 000a 7047     		bx	lr
 139              	.L9:
 140              		.align	2
 141              	.L8:
 142 000c 04020440 		.word	1074004484
 143              		.cfi_endproc
ARM GAS  C:\Users\biosh\AppData\Local\Temp\ccmrSeu2.s 			page 6


 144              	.LFE2:
 145              		.size	Filas_Read, .-Filas_Read
 146              		.section	.text.Filas_ReadDataReg,"ax",%progbits
 147              		.align	2
 148              		.global	Filas_ReadDataReg
 149              		.code	16
 150              		.thumb_func
 151              		.type	Filas_ReadDataReg, %function
 152              	Filas_ReadDataReg:
 153              	.LFB3:
 143:Generated_Source\PSoC4/Filas.c **** 
 144:Generated_Source\PSoC4/Filas.c **** 
 145:Generated_Source\PSoC4/Filas.c **** /*******************************************************************************
 146:Generated_Source\PSoC4/Filas.c **** * Function Name: Filas_ReadDataReg
 147:Generated_Source\PSoC4/Filas.c **** ****************************************************************************//**
 148:Generated_Source\PSoC4/Filas.c **** *
 149:Generated_Source\PSoC4/Filas.c **** * \brief Reads the associated physical port's data output register and masks 
 150:Generated_Source\PSoC4/Filas.c **** *  the correct bits according to the width and bit position of the component 
 151:Generated_Source\PSoC4/Filas.c **** *  instance. 
 152:Generated_Source\PSoC4/Filas.c **** *
 153:Generated_Source\PSoC4/Filas.c **** * The data output register controls the signal applied to the physical pin in 
 154:Generated_Source\PSoC4/Filas.c **** * conjunction with the drive mode parameter. This is not the same as the 
 155:Generated_Source\PSoC4/Filas.c **** * preferred Filas_Read() API because the 
 156:Generated_Source\PSoC4/Filas.c **** * Filas_ReadDataReg() reads the data register instead of the status 
 157:Generated_Source\PSoC4/Filas.c **** * register. For output pins this is a useful function to determine the value 
 158:Generated_Source\PSoC4/Filas.c **** * just written to the pin.
 159:Generated_Source\PSoC4/Filas.c **** *
 160:Generated_Source\PSoC4/Filas.c **** * \return 
 161:Generated_Source\PSoC4/Filas.c **** *  The current value of the data register masked and shifted into a right 
 162:Generated_Source\PSoC4/Filas.c **** *  justified number for the component instance.
 163:Generated_Source\PSoC4/Filas.c **** *
 164:Generated_Source\PSoC4/Filas.c **** * \funcusage
 165:Generated_Source\PSoC4/Filas.c **** *  \snippet Filas_SUT.c usage_Filas_ReadDataReg 
 166:Generated_Source\PSoC4/Filas.c **** *******************************************************************************/
 167:Generated_Source\PSoC4/Filas.c **** uint8 Filas_ReadDataReg(void)
 168:Generated_Source\PSoC4/Filas.c **** {
 154              		.loc 1 168 0
 155              		.cfi_startproc
 156              		@ args = 0, pretend = 0, frame = 0
 157              		@ frame_needed = 0, uses_anonymous_args = 0
 158              		@ link register save eliminated.
 169:Generated_Source\PSoC4/Filas.c ****     return (uint8)((Filas_DR & Filas_MASK) >> Filas_SHIFT);
 159              		.loc 1 169 0
 160 0000 024B     		ldr	r3, .L11
 161 0002 1868     		ldr	r0, [r3]
 162 0004 8008     		lsrs	r0, r0, #2
 163 0006 0F23     		movs	r3, #15
 164 0008 1840     		ands	r0, r3
 170:Generated_Source\PSoC4/Filas.c **** }
 165              		.loc 1 170 0
 166              		@ sp needed
 167 000a 7047     		bx	lr
 168              	.L12:
 169              		.align	2
 170              	.L11:
 171 000c 00020440 		.word	1074004480
 172              		.cfi_endproc
ARM GAS  C:\Users\biosh\AppData\Local\Temp\ccmrSeu2.s 			page 7


 173              	.LFE3:
 174              		.size	Filas_ReadDataReg, .-Filas_ReadDataReg
 175              		.section	.text.Filas_SetInterruptMode,"ax",%progbits
 176              		.align	2
 177              		.global	Filas_SetInterruptMode
 178              		.code	16
 179              		.thumb_func
 180              		.type	Filas_SetInterruptMode, %function
 181              	Filas_SetInterruptMode:
 182              	.LFB4:
 171:Generated_Source\PSoC4/Filas.c **** 
 172:Generated_Source\PSoC4/Filas.c **** 
 173:Generated_Source\PSoC4/Filas.c **** /*******************************************************************************
 174:Generated_Source\PSoC4/Filas.c **** * Function Name: Filas_SetInterruptMode
 175:Generated_Source\PSoC4/Filas.c **** ****************************************************************************//**
 176:Generated_Source\PSoC4/Filas.c **** *
 177:Generated_Source\PSoC4/Filas.c **** * \brief Configures the interrupt mode for each of the Pins component's
 178:Generated_Source\PSoC4/Filas.c **** *  pins. Alternatively you may set the interrupt mode for all the pins
 179:Generated_Source\PSoC4/Filas.c **** *  specified in the Pins component.
 180:Generated_Source\PSoC4/Filas.c **** *
 181:Generated_Source\PSoC4/Filas.c **** *  <b>Note</b> The interrupt is port-wide and therefore any enabled pin
 182:Generated_Source\PSoC4/Filas.c **** *  interrupt may trigger it.
 183:Generated_Source\PSoC4/Filas.c **** *
 184:Generated_Source\PSoC4/Filas.c **** * \param position
 185:Generated_Source\PSoC4/Filas.c **** *  The pin position as listed in the Pins component. You may OR these to be 
 186:Generated_Source\PSoC4/Filas.c **** *  able to configure the interrupt mode of multiple pins within a Pins 
 187:Generated_Source\PSoC4/Filas.c **** *  component. Or you may use Filas_INTR_ALL to configure the
 188:Generated_Source\PSoC4/Filas.c **** *  interrupt mode of all the pins in the Pins component.       
 189:Generated_Source\PSoC4/Filas.c **** *  - Filas_0_INTR       (First pin in the list)
 190:Generated_Source\PSoC4/Filas.c **** *  - Filas_1_INTR       (Second pin in the list)
 191:Generated_Source\PSoC4/Filas.c **** *  - ...
 192:Generated_Source\PSoC4/Filas.c **** *  - Filas_INTR_ALL     (All pins in Pins component)
 193:Generated_Source\PSoC4/Filas.c **** *
 194:Generated_Source\PSoC4/Filas.c **** * \param mode
 195:Generated_Source\PSoC4/Filas.c **** *  Interrupt mode for the selected pins. Valid options are documented in
 196:Generated_Source\PSoC4/Filas.c **** *  \ref intrMode.
 197:Generated_Source\PSoC4/Filas.c **** *
 198:Generated_Source\PSoC4/Filas.c **** * \return 
 199:Generated_Source\PSoC4/Filas.c **** *  None
 200:Generated_Source\PSoC4/Filas.c **** *  
 201:Generated_Source\PSoC4/Filas.c **** * \sideeffect
 202:Generated_Source\PSoC4/Filas.c **** *  It is recommended that the interrupt be disabled before calling this 
 203:Generated_Source\PSoC4/Filas.c **** *  function to avoid unintended interrupt requests. Note that the interrupt
 204:Generated_Source\PSoC4/Filas.c **** *  type is port wide, and therefore will trigger for any enabled pin on the 
 205:Generated_Source\PSoC4/Filas.c **** *  port.
 206:Generated_Source\PSoC4/Filas.c **** *
 207:Generated_Source\PSoC4/Filas.c **** * \funcusage
 208:Generated_Source\PSoC4/Filas.c **** *  \snippet Filas_SUT.c usage_Filas_SetInterruptMode
 209:Generated_Source\PSoC4/Filas.c **** *******************************************************************************/
 210:Generated_Source\PSoC4/Filas.c **** void Filas_SetInterruptMode(uint16 position, uint16 mode)
 211:Generated_Source\PSoC4/Filas.c **** {
 183              		.loc 1 211 0
 184              		.cfi_startproc
 185              		@ args = 0, pretend = 0, frame = 0
 186              		@ frame_needed = 0, uses_anonymous_args = 0
 187              		@ link register save eliminated.
 188              	.LVL6:
ARM GAS  C:\Users\biosh\AppData\Local\Temp\ccmrSeu2.s 			page 8


 212:Generated_Source\PSoC4/Filas.c ****     uint32 intrCfg;
 213:Generated_Source\PSoC4/Filas.c ****     
 214:Generated_Source\PSoC4/Filas.c ****     intrCfg =  Filas_INTCFG & (uint32)(~(uint32)position);
 189              		.loc 1 214 0
 190 0000 034A     		ldr	r2, .L14
 191 0002 1368     		ldr	r3, [r2]
 192 0004 8343     		bics	r3, r0
 193              	.LVL7:
 215:Generated_Source\PSoC4/Filas.c ****     Filas_INTCFG = intrCfg | ((uint32)position & (uint32)mode);
 194              		.loc 1 215 0
 195 0006 0840     		ands	r0, r1
 196              	.LVL8:
 197 0008 1843     		orrs	r0, r3
 198 000a 1060     		str	r0, [r2]
 216:Generated_Source\PSoC4/Filas.c **** }
 199              		.loc 1 216 0
 200              		@ sp needed
 201 000c 7047     		bx	lr
 202              	.L15:
 203 000e C046     		.align	2
 204              	.L14:
 205 0010 0C020440 		.word	1074004492
 206              		.cfi_endproc
 207              	.LFE4:
 208              		.size	Filas_SetInterruptMode, .-Filas_SetInterruptMode
 209              		.section	.text.Filas_ClearInterrupt,"ax",%progbits
 210              		.align	2
 211              		.global	Filas_ClearInterrupt
 212              		.code	16
 213              		.thumb_func
 214              		.type	Filas_ClearInterrupt, %function
 215              	Filas_ClearInterrupt:
 216              	.LFB5:
 217:Generated_Source\PSoC4/Filas.c **** 
 218:Generated_Source\PSoC4/Filas.c **** 
 219:Generated_Source\PSoC4/Filas.c **** /*******************************************************************************
 220:Generated_Source\PSoC4/Filas.c **** * Function Name: Filas_ClearInterrupt
 221:Generated_Source\PSoC4/Filas.c **** ****************************************************************************//**
 222:Generated_Source\PSoC4/Filas.c **** *
 223:Generated_Source\PSoC4/Filas.c **** * \brief Clears any active interrupts attached with the component and returns 
 224:Generated_Source\PSoC4/Filas.c **** *  the value of the interrupt status register allowing determination of which
 225:Generated_Source\PSoC4/Filas.c **** *  pins generated an interrupt event.
 226:Generated_Source\PSoC4/Filas.c **** *
 227:Generated_Source\PSoC4/Filas.c **** * \return 
 228:Generated_Source\PSoC4/Filas.c **** *  The right-shifted current value of the interrupt status register. Each pin 
 229:Generated_Source\PSoC4/Filas.c **** *  has one bit set if it generated an interrupt event. For example, bit 0 is 
 230:Generated_Source\PSoC4/Filas.c **** *  for pin 0 and bit 1 is for pin 1 of the Pins component.
 231:Generated_Source\PSoC4/Filas.c **** *  
 232:Generated_Source\PSoC4/Filas.c **** * \sideeffect
 233:Generated_Source\PSoC4/Filas.c **** *  Clears all bits of the physical port's interrupt status register, not just
 234:Generated_Source\PSoC4/Filas.c **** *  those associated with the Pins component.
 235:Generated_Source\PSoC4/Filas.c **** *
 236:Generated_Source\PSoC4/Filas.c **** * \funcusage
 237:Generated_Source\PSoC4/Filas.c **** *  \snippet Filas_SUT.c usage_Filas_ClearInterrupt
 238:Generated_Source\PSoC4/Filas.c **** *******************************************************************************/
 239:Generated_Source\PSoC4/Filas.c **** uint8 Filas_ClearInterrupt(void)
 240:Generated_Source\PSoC4/Filas.c **** {
ARM GAS  C:\Users\biosh\AppData\Local\Temp\ccmrSeu2.s 			page 9


 217              		.loc 1 240 0
 218              		.cfi_startproc
 219              		@ args = 0, pretend = 0, frame = 0
 220              		@ frame_needed = 0, uses_anonymous_args = 0
 221              		@ link register save eliminated.
 241:Generated_Source\PSoC4/Filas.c **** 	uint8 maskedStatus = (uint8)(Filas_INTSTAT & Filas_MASK);
 222              		.loc 1 241 0
 223 0000 034A     		ldr	r2, .L17
 224 0002 1068     		ldr	r0, [r2]
 225 0004 3C23     		movs	r3, #60
 226 0006 1840     		ands	r0, r3
 227              	.LVL9:
 242:Generated_Source\PSoC4/Filas.c **** 	Filas_INTSTAT = maskedStatus;
 228              		.loc 1 242 0
 229 0008 1060     		str	r0, [r2]
 243:Generated_Source\PSoC4/Filas.c ****     return maskedStatus >> Filas_SHIFT;
 230              		.loc 1 243 0
 231 000a 8008     		lsrs	r0, r0, #2
 232              	.LVL10:
 244:Generated_Source\PSoC4/Filas.c **** }
 233              		.loc 1 244 0
 234              		@ sp needed
 235 000c 7047     		bx	lr
 236              	.L18:
 237 000e C046     		.align	2
 238              	.L17:
 239 0010 10020440 		.word	1074004496
 240              		.cfi_endproc
 241              	.LFE5:
 242              		.size	Filas_ClearInterrupt, .-Filas_ClearInterrupt
 243              		.text
 244              	.Letext0:
 245              		.file 2 "Generated_Source\\PSoC4\\cytypes.h"
 246              		.section	.debug_info,"",%progbits
 247              	.Ldebug_info0:
 248 0000 99010000 		.4byte	0x199
 249 0004 0400     		.2byte	0x4
 250 0006 00000000 		.4byte	.Ldebug_abbrev0
 251 000a 04       		.byte	0x4
 252 000b 01       		.uleb128 0x1
 253 000c E3000000 		.4byte	.LASF28
 254 0010 0C       		.byte	0xc
 255 0011 A1010000 		.4byte	.LASF29
 256 0015 CC010000 		.4byte	.LASF30
 257 0019 00000000 		.4byte	.Ldebug_ranges0+0
 258 001d 00000000 		.4byte	0
 259 0021 00000000 		.4byte	.Ldebug_line0
 260 0025 02       		.uleb128 0x2
 261 0026 01       		.byte	0x1
 262 0027 06       		.byte	0x6
 263 0028 C0010000 		.4byte	.LASF0
 264 002c 02       		.uleb128 0x2
 265 002d 01       		.byte	0x1
 266 002e 08       		.byte	0x8
 267 002f 44000000 		.4byte	.LASF1
 268 0033 02       		.uleb128 0x2
 269 0034 02       		.byte	0x2
ARM GAS  C:\Users\biosh\AppData\Local\Temp\ccmrSeu2.s 			page 10


 270 0035 05       		.byte	0x5
 271 0036 91010000 		.4byte	.LASF2
 272 003a 02       		.uleb128 0x2
 273 003b 02       		.byte	0x2
 274 003c 07       		.byte	0x7
 275 003d 6A000000 		.4byte	.LASF3
 276 0041 02       		.uleb128 0x2
 277 0042 04       		.byte	0x4
 278 0043 05       		.byte	0x5
 279 0044 23000000 		.4byte	.LASF4
 280 0048 02       		.uleb128 0x2
 281 0049 04       		.byte	0x4
 282 004a 07       		.byte	0x7
 283 004b 58000000 		.4byte	.LASF5
 284 004f 02       		.uleb128 0x2
 285 0050 08       		.byte	0x8
 286 0051 05       		.byte	0x5
 287 0052 71010000 		.4byte	.LASF6
 288 0056 02       		.uleb128 0x2
 289 0057 08       		.byte	0x8
 290 0058 07       		.byte	0x7
 291 0059 C7000000 		.4byte	.LASF7
 292 005d 03       		.uleb128 0x3
 293 005e 04       		.byte	0x4
 294 005f 05       		.byte	0x5
 295 0060 696E7400 		.ascii	"int\000"
 296 0064 02       		.uleb128 0x2
 297 0065 04       		.byte	0x4
 298 0066 07       		.byte	0x7
 299 0067 AE000000 		.4byte	.LASF8
 300 006b 04       		.uleb128 0x4
 301 006c 9B010000 		.4byte	.LASF9
 302 0070 02       		.byte	0x2
 303 0071 F701     		.2byte	0x1f7
 304 0073 2C000000 		.4byte	0x2c
 305 0077 04       		.uleb128 0x4
 306 0078 8F000000 		.4byte	.LASF10
 307 007c 02       		.byte	0x2
 308 007d F801     		.2byte	0x1f8
 309 007f 3A000000 		.4byte	0x3a
 310 0083 04       		.uleb128 0x4
 311 0084 9F000000 		.4byte	.LASF11
 312 0088 02       		.byte	0x2
 313 0089 F901     		.2byte	0x1f9
 314 008b 48000000 		.4byte	0x48
 315 008f 02       		.uleb128 0x2
 316 0090 04       		.byte	0x4
 317 0091 04       		.byte	0x4
 318 0092 3E000000 		.4byte	.LASF12
 319 0096 02       		.uleb128 0x2
 320 0097 08       		.byte	0x8
 321 0098 04       		.byte	0x4
 322 0099 7D000000 		.4byte	.LASF13
 323 009d 02       		.uleb128 0x2
 324 009e 01       		.byte	0x1
 325 009f 08       		.byte	0x8
 326 00a0 8C010000 		.4byte	.LASF14
ARM GAS  C:\Users\biosh\AppData\Local\Temp\ccmrSeu2.s 			page 11


 327 00a4 04       		.uleb128 0x4
 328 00a5 00000000 		.4byte	.LASF15
 329 00a9 02       		.byte	0x2
 330 00aa A302     		.2byte	0x2a3
 331 00ac B0000000 		.4byte	0xb0
 332 00b0 05       		.uleb128 0x5
 333 00b1 83000000 		.4byte	0x83
 334 00b5 06       		.uleb128 0x6
 335 00b6 3A020000 		.4byte	.LASF16
 336 00ba 01       		.byte	0x1
 337 00bb 48       		.byte	0x48
 338 00bc 00000000 		.4byte	.LFB0
 339 00c0 48000000 		.4byte	.LFE0-.LFB0
 340 00c4 01       		.uleb128 0x1
 341 00c5 9C       		.byte	0x9c
 342 00c6 DA000000 		.4byte	0xda
 343 00ca 07       		.uleb128 0x7
 344 00cb DE000000 		.4byte	.LASF18
 345 00cf 01       		.byte	0x1
 346 00d0 48       		.byte	0x48
 347 00d1 6B000000 		.4byte	0x6b
 348 00d5 00000000 		.4byte	.LLST0
 349 00d9 00       		.byte	0
 350 00da 06       		.uleb128 0x6
 351 00db BB000000 		.4byte	.LASF17
 352 00df 01       		.byte	0x1
 353 00e0 72       		.byte	0x72
 354 00e1 00000000 		.4byte	.LFB1
 355 00e5 18000000 		.4byte	.LFE1-.LFB1
 356 00e9 01       		.uleb128 0x1
 357 00ea 9C       		.byte	0x9c
 358 00eb 0E010000 		.4byte	0x10e
 359 00ef 07       		.uleb128 0x7
 360 00f0 1D000000 		.4byte	.LASF19
 361 00f4 01       		.byte	0x1
 362 00f5 72       		.byte	0x72
 363 00f6 6B000000 		.4byte	0x6b
 364 00fa 21000000 		.4byte	.LLST1
 365 00fe 08       		.uleb128 0x8
 366 00ff 52000000 		.4byte	.LASF24
 367 0103 01       		.byte	0x1
 368 0104 74       		.byte	0x74
 369 0105 6B000000 		.4byte	0x6b
 370 0109 42000000 		.4byte	.LLST2
 371 010d 00       		.byte	0
 372 010e 09       		.uleb128 0x9
 373 010f 84000000 		.4byte	.LASF20
 374 0113 01       		.byte	0x1
 375 0114 8B       		.byte	0x8b
 376 0115 6B000000 		.4byte	0x6b
 377 0119 00000000 		.4byte	.LFB2
 378 011d 10000000 		.4byte	.LFE2-.LFB2
 379 0121 01       		.uleb128 0x1
 380 0122 9C       		.byte	0x9c
 381 0123 09       		.uleb128 0x9
 382 0124 2C000000 		.4byte	.LASF21
 383 0128 01       		.byte	0x1
ARM GAS  C:\Users\biosh\AppData\Local\Temp\ccmrSeu2.s 			page 12


 384 0129 A7       		.byte	0xa7
 385 012a 6B000000 		.4byte	0x6b
 386 012e 00000000 		.4byte	.LFB3
 387 0132 10000000 		.4byte	.LFE3-.LFB3
 388 0136 01       		.uleb128 0x1
 389 0137 9C       		.byte	0x9c
 390 0138 06       		.uleb128 0x6
 391 0139 06000000 		.4byte	.LASF22
 392 013d 01       		.byte	0x1
 393 013e D2       		.byte	0xd2
 394 013f 00000000 		.4byte	.LFB4
 395 0143 14000000 		.4byte	.LFE4-.LFB4
 396 0147 01       		.uleb128 0x1
 397 0148 9C       		.byte	0x9c
 398 0149 77010000 		.4byte	0x177
 399 014d 07       		.uleb128 0x7
 400 014e 96000000 		.4byte	.LASF23
 401 0152 01       		.byte	0x1
 402 0153 D2       		.byte	0xd2
 403 0154 77000000 		.4byte	0x77
 404 0158 60000000 		.4byte	.LLST3
 405 015c 0A       		.uleb128 0xa
 406 015d DE000000 		.4byte	.LASF18
 407 0161 01       		.byte	0x1
 408 0162 D2       		.byte	0xd2
 409 0163 77000000 		.4byte	0x77
 410 0167 01       		.uleb128 0x1
 411 0168 51       		.byte	0x51
 412 0169 0B       		.uleb128 0xb
 413 016a A6000000 		.4byte	.LASF25
 414 016e 01       		.byte	0x1
 415 016f D4       		.byte	0xd4
 416 0170 83000000 		.4byte	0x83
 417 0174 01       		.uleb128 0x1
 418 0175 53       		.byte	0x53
 419 0176 00       		.byte	0
 420 0177 0C       		.uleb128 0xc
 421 0178 4D020000 		.4byte	.LASF26
 422 017c 01       		.byte	0x1
 423 017d EF       		.byte	0xef
 424 017e 6B000000 		.4byte	0x6b
 425 0182 00000000 		.4byte	.LFB5
 426 0186 14000000 		.4byte	.LFE5-.LFB5
 427 018a 01       		.uleb128 0x1
 428 018b 9C       		.byte	0x9c
 429 018c 08       		.uleb128 0x8
 430 018d 7F010000 		.4byte	.LASF27
 431 0191 01       		.byte	0x1
 432 0192 F1       		.byte	0xf1
 433 0193 6B000000 		.4byte	0x6b
 434 0197 81000000 		.4byte	.LLST4
 435 019b 00       		.byte	0
 436 019c 00       		.byte	0
 437              		.section	.debug_abbrev,"",%progbits
 438              	.Ldebug_abbrev0:
 439 0000 01       		.uleb128 0x1
 440 0001 11       		.uleb128 0x11
ARM GAS  C:\Users\biosh\AppData\Local\Temp\ccmrSeu2.s 			page 13


 441 0002 01       		.byte	0x1
 442 0003 25       		.uleb128 0x25
 443 0004 0E       		.uleb128 0xe
 444 0005 13       		.uleb128 0x13
 445 0006 0B       		.uleb128 0xb
 446 0007 03       		.uleb128 0x3
 447 0008 0E       		.uleb128 0xe
 448 0009 1B       		.uleb128 0x1b
 449 000a 0E       		.uleb128 0xe
 450 000b 55       		.uleb128 0x55
 451 000c 17       		.uleb128 0x17
 452 000d 11       		.uleb128 0x11
 453 000e 01       		.uleb128 0x1
 454 000f 10       		.uleb128 0x10
 455 0010 17       		.uleb128 0x17
 456 0011 00       		.byte	0
 457 0012 00       		.byte	0
 458 0013 02       		.uleb128 0x2
 459 0014 24       		.uleb128 0x24
 460 0015 00       		.byte	0
 461 0016 0B       		.uleb128 0xb
 462 0017 0B       		.uleb128 0xb
 463 0018 3E       		.uleb128 0x3e
 464 0019 0B       		.uleb128 0xb
 465 001a 03       		.uleb128 0x3
 466 001b 0E       		.uleb128 0xe
 467 001c 00       		.byte	0
 468 001d 00       		.byte	0
 469 001e 03       		.uleb128 0x3
 470 001f 24       		.uleb128 0x24
 471 0020 00       		.byte	0
 472 0021 0B       		.uleb128 0xb
 473 0022 0B       		.uleb128 0xb
 474 0023 3E       		.uleb128 0x3e
 475 0024 0B       		.uleb128 0xb
 476 0025 03       		.uleb128 0x3
 477 0026 08       		.uleb128 0x8
 478 0027 00       		.byte	0
 479 0028 00       		.byte	0
 480 0029 04       		.uleb128 0x4
 481 002a 16       		.uleb128 0x16
 482 002b 00       		.byte	0
 483 002c 03       		.uleb128 0x3
 484 002d 0E       		.uleb128 0xe
 485 002e 3A       		.uleb128 0x3a
 486 002f 0B       		.uleb128 0xb
 487 0030 3B       		.uleb128 0x3b
 488 0031 05       		.uleb128 0x5
 489 0032 49       		.uleb128 0x49
 490 0033 13       		.uleb128 0x13
 491 0034 00       		.byte	0
 492 0035 00       		.byte	0
 493 0036 05       		.uleb128 0x5
 494 0037 35       		.uleb128 0x35
 495 0038 00       		.byte	0
 496 0039 49       		.uleb128 0x49
 497 003a 13       		.uleb128 0x13
ARM GAS  C:\Users\biosh\AppData\Local\Temp\ccmrSeu2.s 			page 14


 498 003b 00       		.byte	0
 499 003c 00       		.byte	0
 500 003d 06       		.uleb128 0x6
 501 003e 2E       		.uleb128 0x2e
 502 003f 01       		.byte	0x1
 503 0040 3F       		.uleb128 0x3f
 504 0041 19       		.uleb128 0x19
 505 0042 03       		.uleb128 0x3
 506 0043 0E       		.uleb128 0xe
 507 0044 3A       		.uleb128 0x3a
 508 0045 0B       		.uleb128 0xb
 509 0046 3B       		.uleb128 0x3b
 510 0047 0B       		.uleb128 0xb
 511 0048 27       		.uleb128 0x27
 512 0049 19       		.uleb128 0x19
 513 004a 11       		.uleb128 0x11
 514 004b 01       		.uleb128 0x1
 515 004c 12       		.uleb128 0x12
 516 004d 06       		.uleb128 0x6
 517 004e 40       		.uleb128 0x40
 518 004f 18       		.uleb128 0x18
 519 0050 9742     		.uleb128 0x2117
 520 0052 19       		.uleb128 0x19
 521 0053 01       		.uleb128 0x1
 522 0054 13       		.uleb128 0x13
 523 0055 00       		.byte	0
 524 0056 00       		.byte	0
 525 0057 07       		.uleb128 0x7
 526 0058 05       		.uleb128 0x5
 527 0059 00       		.byte	0
 528 005a 03       		.uleb128 0x3
 529 005b 0E       		.uleb128 0xe
 530 005c 3A       		.uleb128 0x3a
 531 005d 0B       		.uleb128 0xb
 532 005e 3B       		.uleb128 0x3b
 533 005f 0B       		.uleb128 0xb
 534 0060 49       		.uleb128 0x49
 535 0061 13       		.uleb128 0x13
 536 0062 02       		.uleb128 0x2
 537 0063 17       		.uleb128 0x17
 538 0064 00       		.byte	0
 539 0065 00       		.byte	0
 540 0066 08       		.uleb128 0x8
 541 0067 34       		.uleb128 0x34
 542 0068 00       		.byte	0
 543 0069 03       		.uleb128 0x3
 544 006a 0E       		.uleb128 0xe
 545 006b 3A       		.uleb128 0x3a
 546 006c 0B       		.uleb128 0xb
 547 006d 3B       		.uleb128 0x3b
 548 006e 0B       		.uleb128 0xb
 549 006f 49       		.uleb128 0x49
 550 0070 13       		.uleb128 0x13
 551 0071 02       		.uleb128 0x2
 552 0072 17       		.uleb128 0x17
 553 0073 00       		.byte	0
 554 0074 00       		.byte	0
ARM GAS  C:\Users\biosh\AppData\Local\Temp\ccmrSeu2.s 			page 15


 555 0075 09       		.uleb128 0x9
 556 0076 2E       		.uleb128 0x2e
 557 0077 00       		.byte	0
 558 0078 3F       		.uleb128 0x3f
 559 0079 19       		.uleb128 0x19
 560 007a 03       		.uleb128 0x3
 561 007b 0E       		.uleb128 0xe
 562 007c 3A       		.uleb128 0x3a
 563 007d 0B       		.uleb128 0xb
 564 007e 3B       		.uleb128 0x3b
 565 007f 0B       		.uleb128 0xb
 566 0080 27       		.uleb128 0x27
 567 0081 19       		.uleb128 0x19
 568 0082 49       		.uleb128 0x49
 569 0083 13       		.uleb128 0x13
 570 0084 11       		.uleb128 0x11
 571 0085 01       		.uleb128 0x1
 572 0086 12       		.uleb128 0x12
 573 0087 06       		.uleb128 0x6
 574 0088 40       		.uleb128 0x40
 575 0089 18       		.uleb128 0x18
 576 008a 9742     		.uleb128 0x2117
 577 008c 19       		.uleb128 0x19
 578 008d 00       		.byte	0
 579 008e 00       		.byte	0
 580 008f 0A       		.uleb128 0xa
 581 0090 05       		.uleb128 0x5
 582 0091 00       		.byte	0
 583 0092 03       		.uleb128 0x3
 584 0093 0E       		.uleb128 0xe
 585 0094 3A       		.uleb128 0x3a
 586 0095 0B       		.uleb128 0xb
 587 0096 3B       		.uleb128 0x3b
 588 0097 0B       		.uleb128 0xb
 589 0098 49       		.uleb128 0x49
 590 0099 13       		.uleb128 0x13
 591 009a 02       		.uleb128 0x2
 592 009b 18       		.uleb128 0x18
 593 009c 00       		.byte	0
 594 009d 00       		.byte	0
 595 009e 0B       		.uleb128 0xb
 596 009f 34       		.uleb128 0x34
 597 00a0 00       		.byte	0
 598 00a1 03       		.uleb128 0x3
 599 00a2 0E       		.uleb128 0xe
 600 00a3 3A       		.uleb128 0x3a
 601 00a4 0B       		.uleb128 0xb
 602 00a5 3B       		.uleb128 0x3b
 603 00a6 0B       		.uleb128 0xb
 604 00a7 49       		.uleb128 0x49
 605 00a8 13       		.uleb128 0x13
 606 00a9 02       		.uleb128 0x2
 607 00aa 18       		.uleb128 0x18
 608 00ab 00       		.byte	0
 609 00ac 00       		.byte	0
 610 00ad 0C       		.uleb128 0xc
 611 00ae 2E       		.uleb128 0x2e
ARM GAS  C:\Users\biosh\AppData\Local\Temp\ccmrSeu2.s 			page 16


 612 00af 01       		.byte	0x1
 613 00b0 3F       		.uleb128 0x3f
 614 00b1 19       		.uleb128 0x19
 615 00b2 03       		.uleb128 0x3
 616 00b3 0E       		.uleb128 0xe
 617 00b4 3A       		.uleb128 0x3a
 618 00b5 0B       		.uleb128 0xb
 619 00b6 3B       		.uleb128 0x3b
 620 00b7 0B       		.uleb128 0xb
 621 00b8 27       		.uleb128 0x27
 622 00b9 19       		.uleb128 0x19
 623 00ba 49       		.uleb128 0x49
 624 00bb 13       		.uleb128 0x13
 625 00bc 11       		.uleb128 0x11
 626 00bd 01       		.uleb128 0x1
 627 00be 12       		.uleb128 0x12
 628 00bf 06       		.uleb128 0x6
 629 00c0 40       		.uleb128 0x40
 630 00c1 18       		.uleb128 0x18
 631 00c2 9742     		.uleb128 0x2117
 632 00c4 19       		.uleb128 0x19
 633 00c5 00       		.byte	0
 634 00c6 00       		.byte	0
 635 00c7 00       		.byte	0
 636              		.section	.debug_loc,"",%progbits
 637              	.Ldebug_loc0:
 638              	.LLST0:
 639 0000 00000000 		.4byte	.LVL0
 640 0004 2E000000 		.4byte	.LVL1
 641 0008 0100     		.2byte	0x1
 642 000a 50       		.byte	0x50
 643 000b 2E000000 		.4byte	.LVL1
 644 000f 48000000 		.4byte	.LFE0
 645 0013 0400     		.2byte	0x4
 646 0015 F3       		.byte	0xf3
 647 0016 01       		.uleb128 0x1
 648 0017 50       		.byte	0x50
 649 0018 9F       		.byte	0x9f
 650 0019 00000000 		.4byte	0
 651 001d 00000000 		.4byte	0
 652              	.LLST1:
 653 0021 00000000 		.4byte	.LVL2
 654 0025 0C000000 		.4byte	.LVL4
 655 0029 0100     		.2byte	0x1
 656 002b 50       		.byte	0x50
 657 002c 0C000000 		.4byte	.LVL4
 658 0030 18000000 		.4byte	.LFE1
 659 0034 0400     		.2byte	0x4
 660 0036 F3       		.byte	0xf3
 661 0037 01       		.uleb128 0x1
 662 0038 50       		.byte	0x50
 663 0039 9F       		.byte	0x9f
 664 003a 00000000 		.4byte	0
 665 003e 00000000 		.4byte	0
 666              	.LLST2:
 667 0042 0A000000 		.4byte	.LVL3
 668 0046 10000000 		.4byte	.LVL5
ARM GAS  C:\Users\biosh\AppData\Local\Temp\ccmrSeu2.s 			page 17


 669 004a 0100     		.2byte	0x1
 670 004c 52       		.byte	0x52
 671 004d 10000000 		.4byte	.LVL5
 672 0051 18000000 		.4byte	.LFE1
 673 0055 0100     		.2byte	0x1
 674 0057 50       		.byte	0x50
 675 0058 00000000 		.4byte	0
 676 005c 00000000 		.4byte	0
 677              	.LLST3:
 678 0060 00000000 		.4byte	.LVL6
 679 0064 08000000 		.4byte	.LVL8
 680 0068 0100     		.2byte	0x1
 681 006a 50       		.byte	0x50
 682 006b 08000000 		.4byte	.LVL8
 683 006f 14000000 		.4byte	.LFE4
 684 0073 0400     		.2byte	0x4
 685 0075 F3       		.byte	0xf3
 686 0076 01       		.uleb128 0x1
 687 0077 50       		.byte	0x50
 688 0078 9F       		.byte	0x9f
 689 0079 00000000 		.4byte	0
 690 007d 00000000 		.4byte	0
 691              	.LLST4:
 692 0081 08000000 		.4byte	.LVL9
 693 0085 0C000000 		.4byte	.LVL10
 694 0089 0100     		.2byte	0x1
 695 008b 50       		.byte	0x50
 696 008c 0C000000 		.4byte	.LVL10
 697 0090 14000000 		.4byte	.LFE5
 698 0094 0400     		.2byte	0x4
 699 0096 72       		.byte	0x72
 700 0097 00       		.sleb128 0
 701 0098 06       		.byte	0x6
 702 0099 9F       		.byte	0x9f
 703 009a 00000000 		.4byte	0
 704 009e 00000000 		.4byte	0
 705              		.section	.debug_aranges,"",%progbits
 706 0000 44000000 		.4byte	0x44
 707 0004 0200     		.2byte	0x2
 708 0006 00000000 		.4byte	.Ldebug_info0
 709 000a 04       		.byte	0x4
 710 000b 00       		.byte	0
 711 000c 0000     		.2byte	0
 712 000e 0000     		.2byte	0
 713 0010 00000000 		.4byte	.LFB0
 714 0014 48000000 		.4byte	.LFE0-.LFB0
 715 0018 00000000 		.4byte	.LFB1
 716 001c 18000000 		.4byte	.LFE1-.LFB1
 717 0020 00000000 		.4byte	.LFB2
 718 0024 10000000 		.4byte	.LFE2-.LFB2
 719 0028 00000000 		.4byte	.LFB3
 720 002c 10000000 		.4byte	.LFE3-.LFB3
 721 0030 00000000 		.4byte	.LFB4
 722 0034 14000000 		.4byte	.LFE4-.LFB4
 723 0038 00000000 		.4byte	.LFB5
 724 003c 14000000 		.4byte	.LFE5-.LFB5
 725 0040 00000000 		.4byte	0
ARM GAS  C:\Users\biosh\AppData\Local\Temp\ccmrSeu2.s 			page 18


 726 0044 00000000 		.4byte	0
 727              		.section	.debug_ranges,"",%progbits
 728              	.Ldebug_ranges0:
 729 0000 00000000 		.4byte	.LFB0
 730 0004 48000000 		.4byte	.LFE0
 731 0008 00000000 		.4byte	.LFB1
 732 000c 18000000 		.4byte	.LFE1
 733 0010 00000000 		.4byte	.LFB2
 734 0014 10000000 		.4byte	.LFE2
 735 0018 00000000 		.4byte	.LFB3
 736 001c 10000000 		.4byte	.LFE3
 737 0020 00000000 		.4byte	.LFB4
 738 0024 14000000 		.4byte	.LFE4
 739 0028 00000000 		.4byte	.LFB5
 740 002c 14000000 		.4byte	.LFE5
 741 0030 00000000 		.4byte	0
 742 0034 00000000 		.4byte	0
 743              		.section	.debug_line,"",%progbits
 744              	.Ldebug_line0:
 745 0000 BC000000 		.section	.debug_str,"MS",%progbits,1
 745      02004200 
 745      00000201 
 745      FB0E0D00 
 745      01010101 
 746              	.LASF15:
 747 0000 72656733 		.ascii	"reg32\000"
 747      3200
 748              	.LASF22:
 749 0006 46696C61 		.ascii	"Filas_SetInterruptMode\000"
 749      735F5365 
 749      74496E74 
 749      65727275 
 749      70744D6F 
 750              	.LASF19:
 751 001d 76616C75 		.ascii	"value\000"
 751      6500
 752              	.LASF4:
 753 0023 6C6F6E67 		.ascii	"long int\000"
 753      20696E74 
 753      00
 754              	.LASF21:
 755 002c 46696C61 		.ascii	"Filas_ReadDataReg\000"
 755      735F5265 
 755      61644461 
 755      74615265 
 755      6700
 756              	.LASF12:
 757 003e 666C6F61 		.ascii	"float\000"
 757      7400
 758              	.LASF1:
 759 0044 756E7369 		.ascii	"unsigned char\000"
 759      676E6564 
 759      20636861 
 759      7200
 760              	.LASF24:
 761 0052 64725661 		.ascii	"drVal\000"
 761      6C00
ARM GAS  C:\Users\biosh\AppData\Local\Temp\ccmrSeu2.s 			page 19


 762              	.LASF5:
 763 0058 6C6F6E67 		.ascii	"long unsigned int\000"
 763      20756E73 
 763      69676E65 
 763      6420696E 
 763      7400
 764              	.LASF3:
 765 006a 73686F72 		.ascii	"short unsigned int\000"
 765      7420756E 
 765      7369676E 
 765      65642069 
 765      6E7400
 766              	.LASF13:
 767 007d 646F7562 		.ascii	"double\000"
 767      6C6500
 768              	.LASF20:
 769 0084 46696C61 		.ascii	"Filas_Read\000"
 769      735F5265 
 769      616400
 770              	.LASF10:
 771 008f 75696E74 		.ascii	"uint16\000"
 771      313600
 772              	.LASF23:
 773 0096 706F7369 		.ascii	"position\000"
 773      74696F6E 
 773      00
 774              	.LASF11:
 775 009f 75696E74 		.ascii	"uint32\000"
 775      333200
 776              	.LASF25:
 777 00a6 696E7472 		.ascii	"intrCfg\000"
 777      43666700 
 778              	.LASF8:
 779 00ae 756E7369 		.ascii	"unsigned int\000"
 779      676E6564 
 779      20696E74 
 779      00
 780              	.LASF17:
 781 00bb 46696C61 		.ascii	"Filas_Write\000"
 781      735F5772 
 781      69746500 
 782              	.LASF7:
 783 00c7 6C6F6E67 		.ascii	"long long unsigned int\000"
 783      206C6F6E 
 783      6720756E 
 783      7369676E 
 783      65642069 
 784              	.LASF18:
 785 00de 6D6F6465 		.ascii	"mode\000"
 785      00
 786              	.LASF28:
 787 00e3 474E5520 		.ascii	"GNU C11 5.4.1 20160609 (release) [ARM/embedded-5-br"
 787      43313120 
 787      352E342E 
 787      31203230 
 787      31363036 
 788 0116 616E6368 		.ascii	"anch revision 237715] -mcpu=cortex-m0 -mthumb -g -O"
ARM GAS  C:\Users\biosh\AppData\Local\Temp\ccmrSeu2.s 			page 20


 788      20726576 
 788      6973696F 
 788      6E203233 
 788      37373135 
 789 0149 67202D66 		.ascii	"g -ffunction-sections -ffat-lto-objects\000"
 789      66756E63 
 789      74696F6E 
 789      2D736563 
 789      74696F6E 
 790              	.LASF6:
 791 0171 6C6F6E67 		.ascii	"long long int\000"
 791      206C6F6E 
 791      6720696E 
 791      7400
 792              	.LASF27:
 793 017f 6D61736B 		.ascii	"maskedStatus\000"
 793      65645374 
 793      61747573 
 793      00
 794              	.LASF14:
 795 018c 63686172 		.ascii	"char\000"
 795      00
 796              	.LASF2:
 797 0191 73686F72 		.ascii	"short int\000"
 797      7420696E 
 797      7400
 798              	.LASF9:
 799 019b 75696E74 		.ascii	"uint8\000"
 799      3800
 800              	.LASF29:
 801 01a1 47656E65 		.ascii	"Generated_Source\\PSoC4\\Filas.c\000"
 801      72617465 
 801      645F536F 
 801      75726365 
 801      5C50536F 
 802              	.LASF0:
 803 01c0 7369676E 		.ascii	"signed char\000"
 803      65642063 
 803      68617200 
 804              	.LASF30:
 805 01cc 433A5C55 		.ascii	"C:\\Users\\biosh\\Desktop\\Universidad\\quinto parc"
 805      73657273 
 805      5C62696F 
 805      73685C44 
 805      65736B74 
 806 01fa 69616C5C 		.ascii	"ial\\Programacion embebida\\ordinario\\Ordinario ca"
 806      50726F67 
 806      72616D61 
 806      63696F6E 
 806      20656D62 
 807 022a 6A612066 		.ascii	"ja fuerte.cydsn\000"
 807      75657274 
 807      652E6379 
 807      64736E00 
 808              	.LASF16:
 809 023a 46696C61 		.ascii	"Filas_SetDriveMode\000"
 809      735F5365 
ARM GAS  C:\Users\biosh\AppData\Local\Temp\ccmrSeu2.s 			page 21


 809      74447269 
 809      76654D6F 
 809      646500
 810              	.LASF26:
 811 024d 46696C61 		.ascii	"Filas_ClearInterrupt\000"
 811      735F436C 
 811      65617249 
 811      6E746572 
 811      72757074 
 812              		.ident	"GCC: (GNU Tools for ARM Embedded Processors) 5.4.1 20160609 (release) [ARM/embedded-5-bran
