ARM GAS  C:\Users\biosh\AppData\Local\Temp\ccsqKlHg.s 			page 1


   1              		.syntax unified
   2              		.cpu cortex-m0
   3              		.fpu softvfp
   4              		.eabi_attribute 20, 1
   5              		.eabi_attribute 21, 1
   6              		.eabi_attribute 23, 3
   7              		.eabi_attribute 24, 1
   8              		.eabi_attribute 25, 1
   9              		.eabi_attribute 26, 1
  10              		.eabi_attribute 30, 1
  11              		.eabi_attribute 34, 0
  12              		.eabi_attribute 18, 4
  13              		.thumb
  14              		.syntax unified
  15              		.file	"Keypad.c"
  16              		.text
  17              	.Ltext0:
  18              		.cfi_sections	.debug_frame
  19              		.section	.text.CheckPassword,"ax",%progbits
  20              		.align	2
  21              		.global	CheckPassword
  22              		.code	16
  23              		.thumb_func
  24              		.type	CheckPassword, %function
  25              	CheckPassword:
  26              	.LFB35:
  27              		.file 1 "Keypad.c"
   1:Keypad.c      **** #include "stdbool.h"
   2:Keypad.c      **** #include "project.h"
   3:Keypad.c      **** #include "Keypad.h"
   4:Keypad.c      **** #include <stdio.h>
   5:Keypad.c      **** #include "Lib_led.h"
   6:Keypad.c      **** #include <string.h>
   7:Keypad.c      **** 
   8:Keypad.c      **** static bool validkey= false;
   9:Keypad.c      **** 
  10:Keypad.c      **** uint8 value= 0x00;
  11:Keypad.c      **** 
  12:Keypad.c      **** char show[250];
  13:Keypad.c      **** 
  14:Keypad.c      **** int key;
  15:Keypad.c      **** char contrasena[4];
  16:Keypad.c      **** char inputPassword[4];
  17:Keypad.c      **** 
  18:Keypad.c      **** 
  19:Keypad.c      **** const char *keyast = "*";
  20:Keypad.c      **** const char *key4 = "4";
  21:Keypad.c      **** const char *key7 = "7";
  22:Keypad.c      **** const char *key1 = "1";
  23:Keypad.c      **** 
  24:Keypad.c      **** 
  25:Keypad.c      **** void CheckPassword(char input[4]){
  28              		.loc 1 25 0
  29              		.cfi_startproc
  30              		@ args = 0, pretend = 0, frame = 0
  31              		@ frame_needed = 0, uses_anonymous_args = 0
  32              	.LVL0:
ARM GAS  C:\Users\biosh\AppData\Local\Temp\ccsqKlHg.s 			page 2


  33 0000 70B5     		push	{r4, r5, r6, lr}
  34              		.cfi_def_cfa_offset 16
  35              		.cfi_offset 4, -16
  36              		.cfi_offset 5, -12
  37              		.cfi_offset 6, -8
  38              		.cfi_offset 14, -4
  39 0002 0500     		movs	r5, r0
  26:Keypad.c      ****     strcat(contrasena, "1");
  40              		.loc 1 26 0
  41 0004 144C     		ldr	r4, .L3
  42 0006 2000     		movs	r0, r4
  43              	.LVL1:
  44 0008 FFF7FEFF 		bl	strlen
  45              	.LVL2:
  46 000c 0019     		adds	r0, r0, r4
  47 000e 0222     		movs	r2, #2
  48 0010 1249     		ldr	r1, .L3+4
  49 0012 FFF7FEFF 		bl	memcpy
  50              	.LVL3:
  27:Keypad.c      ****     strcat(contrasena, "4");
  51              		.loc 1 27 0
  52 0016 2000     		movs	r0, r4
  53 0018 FFF7FEFF 		bl	strlen
  54              	.LVL4:
  55 001c 0019     		adds	r0, r0, r4
  56 001e 0222     		movs	r2, #2
  57 0020 0F49     		ldr	r1, .L3+8
  58 0022 FFF7FEFF 		bl	memcpy
  59              	.LVL5:
  28:Keypad.c      ****     strcat(contrasena, "7");
  60              		.loc 1 28 0
  61 0026 2000     		movs	r0, r4
  62 0028 FFF7FEFF 		bl	strlen
  63              	.LVL6:
  64 002c 0019     		adds	r0, r0, r4
  65 002e 0222     		movs	r2, #2
  66 0030 0C49     		ldr	r1, .L3+12
  67 0032 FFF7FEFF 		bl	memcpy
  68              	.LVL7:
  29:Keypad.c      ****     strcat(contrasena, "*");
  69              		.loc 1 29 0
  70 0036 2000     		movs	r0, r4
  71 0038 FFF7FEFF 		bl	strlen
  72              	.LVL8:
  73 003c 0019     		adds	r0, r0, r4
  74 003e 0222     		movs	r2, #2
  75 0040 0949     		ldr	r1, .L3+16
  76 0042 FFF7FEFF 		bl	memcpy
  77              	.LVL9:
  30:Keypad.c      ****     
  31:Keypad.c      ****     if(contrasena==input){
  78              		.loc 1 31 0
  79 0046 A542     		cmp	r5, r4
  80 0048 04D1     		bne	.L1
  32:Keypad.c      ****         PrenderVerde();
  81              		.loc 1 32 0
  82 004a FFF7FEFF 		bl	PrenderVerde
ARM GAS  C:\Users\biosh\AppData\Local\Temp\ccsqKlHg.s 			page 3


  83              	.LVL10:
  33:Keypad.c      ****         CyDelay(5000);
  84              		.loc 1 33 0
  85 004e 0748     		ldr	r0, .L3+20
  86 0050 FFF7FEFF 		bl	CyDelay
  87              	.LVL11:
  88              	.L1:
  34:Keypad.c      ****     }
  35:Keypad.c      ****     
  36:Keypad.c      **** }
  89              		.loc 1 36 0
  90              		@ sp needed
  91              	.LVL12:
  92 0054 70BD     		pop	{r4, r5, r6, pc}
  93              	.L4:
  94 0056 C046     		.align	2
  95              	.L3:
  96 0058 00000000 		.word	contrasena
  97 005c 00000000 		.word	.LC1
  98 0060 04000000 		.word	.LC3
  99 0064 08000000 		.word	.LC5
 100 0068 0C000000 		.word	.LC7
 101 006c 88130000 		.word	5000
 102              		.cfi_endproc
 103              	.LFE35:
 104              		.size	CheckPassword, .-CheckPassword
 105              		.section	.text.InterrupRowButtons,"ax",%progbits
 106              		.align	2
 107              		.global	InterrupRowButtons
 108              		.code	16
 109              		.thumb_func
 110              		.type	InterrupRowButtons, %function
 111              	InterrupRowButtons:
 112              	.LFB38:
  37:Keypad.c      **** 
  38:Keypad.c      **** void Keypad_stop(void){  
  39:Keypad.c      ****     
  40:Keypad.c      **** }
  41:Keypad.c      **** 
  42:Keypad.c      **** 
  43:Keypad.c      **** void Keypad_start(void){
  44:Keypad.c      ****     UART_Start();
  45:Keypad.c      ****     IsrRowPins_StartEx(InterrupRowButtons);    
  46:Keypad.c      ****     Col_Write(0x00);
  47:Keypad.c      ****     IsrRowPins_Enable();
  48:Keypad.c      ****     
  49:Keypad.c      **** }
  50:Keypad.c      **** 
  51:Keypad.c      **** 
  52:Keypad.c      **** 
  53:Keypad.c      **** CY_ISR(InterrupRowButtons){
 113              		.loc 1 53 0
 114              		.cfi_startproc
 115              		@ args = 0, pretend = 0, frame = 0
 116              		@ frame_needed = 0, uses_anonymous_args = 0
 117 0000 70B5     		push	{r4, r5, r6, lr}
 118              		.cfi_def_cfa_offset 16
ARM GAS  C:\Users\biosh\AppData\Local\Temp\ccsqKlHg.s 			page 4


 119              		.cfi_offset 4, -16
 120              		.cfi_offset 5, -12
 121              		.cfi_offset 6, -8
 122              		.cfi_offset 14, -4
  54:Keypad.c      ****     Filas_ClearInterrupt();
 123              		.loc 1 54 0
 124 0002 FFF7FEFF 		bl	Filas_ClearInterrupt
 125              	.LVL13:
  55:Keypad.c      ****     
  56:Keypad.c      ****     
  57:Keypad.c      ****     uint8 i, j;
  58:Keypad.c      ****     
  59:Keypad.c      ****     for(i=0, j=0;i<255; ++i){
 126              		.loc 1 59 0
 127 0006 0025     		movs	r5, #0
 128 0008 0024     		movs	r4, #0
 129 000a 1AE0     		b	.L6
 130              	.LVL14:
 131              	.L10:
  60:Keypad.c      ****         if(Filas_Read()==0x07 || Filas_Read()==0x0B || Filas_Read()==0x0D || Filas_Read()==0x0E){
 132              		.loc 1 60 0
 133 000c FFF7FEFF 		bl	Filas_Read
 134              	.LVL15:
 135 0010 0728     		cmp	r0, #7
 136 0012 0BD0     		beq	.L7
 137              		.loc 1 60 0 is_stmt 0 discriminator 1
 138 0014 FFF7FEFF 		bl	Filas_Read
 139              	.LVL16:
 140 0018 0B28     		cmp	r0, #11
 141 001a 07D0     		beq	.L7
 142              		.loc 1 60 0 discriminator 2
 143 001c FFF7FEFF 		bl	Filas_Read
 144              	.LVL17:
 145 0020 0D28     		cmp	r0, #13
 146 0022 03D0     		beq	.L7
 147              		.loc 1 60 0 discriminator 3
 148 0024 FFF7FEFF 		bl	Filas_Read
 149              	.LVL18:
 150 0028 0E28     		cmp	r0, #14
 151 002a 07D1     		bne	.L36
 152              	.L7:
  61:Keypad.c      ****             j++;
 153              		.loc 1 61 0 is_stmt 1
 154 002c 0135     		adds	r5, r5, #1
 155              	.LVL19:
 156 002e EDB2     		uxtb	r5, r5
 157              	.LVL20:
  62:Keypad.c      ****             if(j==100){
 158              		.loc 1 62 0
 159 0030 642D     		cmp	r5, #100
 160 0032 04D1     		bne	.L8
  63:Keypad.c      ****                 validkey=true;
 161              		.loc 1 63 0
 162 0034 0122     		movs	r2, #1
 163 0036 7A4B     		ldr	r3, .L37
 164 0038 1A70     		strb	r2, [r3]
  64:Keypad.c      ****                 break;
ARM GAS  C:\Users\biosh\AppData\Local\Temp\ccsqKlHg.s 			page 5


 165              		.loc 1 64 0
 166 003a 04E0     		b	.L9
 167              	.L36:
  65:Keypad.c      ****             }
  66:Keypad.c      ****         }else{
  67:Keypad.c      ****             j=0; 
 168              		.loc 1 67 0
 169 003c 0025     		movs	r5, #0
 170              	.LVL21:
 171              	.L8:
  59:Keypad.c      ****         if(Filas_Read()==0x07 || Filas_Read()==0x0B || Filas_Read()==0x0D || Filas_Read()==0x0E){
 172              		.loc 1 59 0 discriminator 2
 173 003e 0134     		adds	r4, r4, #1
 174              	.LVL22:
 175 0040 E4B2     		uxtb	r4, r4
 176              	.LVL23:
 177              	.L6:
  59:Keypad.c      ****         if(Filas_Read()==0x07 || Filas_Read()==0x0B || Filas_Read()==0x0D || Filas_Read()==0x0E){
 178              		.loc 1 59 0 is_stmt 0 discriminator 1
 179 0042 FF2C     		cmp	r4, #255
 180 0044 E2D1     		bne	.L10
 181              	.L9:
  68:Keypad.c      ****         }
  69:Keypad.c      ****     }
  70:Keypad.c      ****     
  71:Keypad.c      ****     if(validkey==true){
 182              		.loc 1 71 0 is_stmt 1
 183 0046 764B     		ldr	r3, .L37
 184 0048 1B78     		ldrb	r3, [r3]
 185 004a 002B     		cmp	r3, #0
 186 004c 00D1     		bne	.LCB150
 187 004e E5E0     		b	.L5	@long jump
 188              	.LCB150:
  72:Keypad.c      ****         Col_Write(0x0e);
 189              		.loc 1 72 0
 190 0050 0E20     		movs	r0, #14
 191 0052 FFF7FEFF 		bl	Col_Write
 192              	.LVL24:
  73:Keypad.c      ****         value= Filas_Read();
 193              		.loc 1 73 0
 194 0056 FFF7FEFF 		bl	Filas_Read
 195              	.LVL25:
 196 005a 714B     		ldr	r3, .L37
 197 005c 5870     		strb	r0, [r3, #1]
  74:Keypad.c      ****         
  75:Keypad.c      ****         if(value !=0x0F){
 198              		.loc 1 75 0
 199 005e 0F28     		cmp	r0, #15
 200 0060 3FD0     		beq	.L12
  76:Keypad.c      ****             switch(Filas_Read()){
 201              		.loc 1 76 0
 202 0062 FFF7FEFF 		bl	Filas_Read
 203              	.LVL26:
 204 0066 0B28     		cmp	r0, #11
 205 0068 22D0     		beq	.L13
 206 006a 02D8     		bhi	.L14
 207 006c 0728     		cmp	r0, #7
ARM GAS  C:\Users\biosh\AppData\Local\Temp\ccsqKlHg.s 			page 6


 208 006e 2CD0     		beq	.L15
 209 0070 D4E0     		b	.L5
 210              	.L14:
 211 0072 0D28     		cmp	r0, #13
 212 0074 0FD0     		beq	.L16
 213 0076 0E28     		cmp	r0, #14
 214 0078 00D0     		beq	.LCB175
 215 007a CFE0     		b	.L5	@long jump
 216              	.LCB175:
  77:Keypad.c      ****                 case 0x0e:
  78:Keypad.c      ****                     key='*';
 217              		.loc 1 78 0
 218 007c 2A22     		movs	r2, #42
 219 007e 694B     		ldr	r3, .L37+4
 220 0080 1A60     		str	r2, [r3]
  79:Keypad.c      ****                     CyDelay(500);
 221              		.loc 1 79 0
 222 0082 E730     		adds	r0, r0, #231
 223 0084 FF30     		adds	r0, r0, #255
 224 0086 FFF7FEFF 		bl	CyDelay
 225              	.LVL27:
  80:Keypad.c      ****                     strcat(inputPassword,keyast);                    
 226              		.loc 1 80 0
 227 008a 674B     		ldr	r3, .L37+8
 228 008c 1968     		ldr	r1, [r3]
 229 008e 6748     		ldr	r0, .L37+12
 230 0090 FFF7FEFF 		bl	strcat
 231              	.LVL28:
  81:Keypad.c      ****                     
  82:Keypad.c      ****                     break;
 232              		.loc 1 82 0
 233 0094 25E0     		b	.L12
 234              	.L16:
  83:Keypad.c      ****                 case 0x0d:
  84:Keypad.c      ****                     key=7;
 235              		.loc 1 84 0
 236 0096 0722     		movs	r2, #7
 237 0098 624B     		ldr	r3, .L37+4
 238 009a 1A60     		str	r2, [r3]
  85:Keypad.c      ****                     CyDelay(500);
 239              		.loc 1 85 0
 240 009c FA20     		movs	r0, #250
 241 009e 4000     		lsls	r0, r0, #1
 242 00a0 FFF7FEFF 		bl	CyDelay
 243              	.LVL29:
  86:Keypad.c      ****                     strcat(inputPassword,key7);
 244              		.loc 1 86 0
 245 00a4 604B     		ldr	r3, .L37+8
 246 00a6 5968     		ldr	r1, [r3, #4]
 247 00a8 6048     		ldr	r0, .L37+12
 248 00aa FFF7FEFF 		bl	strcat
 249              	.LVL30:
  87:Keypad.c      ****                     
  88:Keypad.c      ****                     break;
 250              		.loc 1 88 0
 251 00ae 18E0     		b	.L12
 252              	.L13:
ARM GAS  C:\Users\biosh\AppData\Local\Temp\ccsqKlHg.s 			page 7


  89:Keypad.c      ****                 case 0x0b: 
  90:Keypad.c      ****                     key=4;
 253              		.loc 1 90 0
 254 00b0 0422     		movs	r2, #4
 255 00b2 5C4B     		ldr	r3, .L37+4
 256 00b4 1A60     		str	r2, [r3]
  91:Keypad.c      ****                     CyDelay(500);
 257              		.loc 1 91 0
 258 00b6 FA20     		movs	r0, #250
 259 00b8 4000     		lsls	r0, r0, #1
 260 00ba FFF7FEFF 		bl	CyDelay
 261              	.LVL31:
  92:Keypad.c      ****                     strcat(inputPassword,key4);
 262              		.loc 1 92 0
 263 00be 5A4B     		ldr	r3, .L37+8
 264 00c0 9968     		ldr	r1, [r3, #8]
 265 00c2 5A48     		ldr	r0, .L37+12
 266 00c4 FFF7FEFF 		bl	strcat
 267              	.LVL32:
  93:Keypad.c      ****                     
  94:Keypad.c      ****                     break; 
 268              		.loc 1 94 0
 269 00c8 0BE0     		b	.L12
 270              	.L15:
  95:Keypad.c      ****                 case 0x07:
  96:Keypad.c      ****                     key=1;
 271              		.loc 1 96 0
 272 00ca 0122     		movs	r2, #1
 273 00cc 554B     		ldr	r3, .L37+4
 274 00ce 1A60     		str	r2, [r3]
  97:Keypad.c      ****                     CyDelay(500);
 275              		.loc 1 97 0
 276 00d0 FA20     		movs	r0, #250
 277 00d2 4000     		lsls	r0, r0, #1
 278 00d4 FFF7FEFF 		bl	CyDelay
 279              	.LVL33:
  98:Keypad.c      ****                     strcat(inputPassword,key1);
 280              		.loc 1 98 0
 281 00d8 534B     		ldr	r3, .L37+8
 282 00da D968     		ldr	r1, [r3, #12]
 283 00dc 5348     		ldr	r0, .L37+12
 284 00de FFF7FEFF 		bl	strcat
 285              	.LVL34:
 286              	.L12:
  99:Keypad.c      ****                     
 100:Keypad.c      ****                     break;
 101:Keypad.c      ****                 default:
 102:Keypad.c      ****                     return;
 103:Keypad.c      ****                 
 104:Keypad.c      ****             }
 105:Keypad.c      ****         }
 106:Keypad.c      ****         
 107:Keypad.c      ****         Col_Write(0x0d);
 287              		.loc 1 107 0
 288 00e2 0D20     		movs	r0, #13
 289 00e4 FFF7FEFF 		bl	Col_Write
 290              	.LVL35:
ARM GAS  C:\Users\biosh\AppData\Local\Temp\ccsqKlHg.s 			page 8


 108:Keypad.c      ****         value=Filas_Read();
 291              		.loc 1 108 0
 292 00e8 FFF7FEFF 		bl	Filas_Read
 293              	.LVL36:
 294 00ec 4C4A     		ldr	r2, .L37
 295 00ee 5070     		strb	r0, [r2, #1]
 109:Keypad.c      ****         
 110:Keypad.c      ****         if(value != 0x0F){
 296              		.loc 1 110 0
 297 00f0 0F28     		cmp	r0, #15
 298 00f2 29D0     		beq	.L18
 111:Keypad.c      ****             switch(value){
 299              		.loc 1 111 0
 300 00f4 0B28     		cmp	r0, #11
 301 00f6 18D0     		beq	.L19
 302 00f8 02D8     		bhi	.L20
 303 00fa 0728     		cmp	r0, #7
 304 00fc 1DD0     		beq	.L21
 305 00fe 8DE0     		b	.L5
 306              	.L20:
 307 0100 0D28     		cmp	r0, #13
 308 0102 0AD0     		beq	.L22
 309 0104 0E28     		cmp	r0, #14
 310 0106 00D0     		beq	.LCB260
 311 0108 88E0     		b	.L5	@long jump
 312              	.LCB260:
 112:Keypad.c      ****                 case 0x0e:
 113:Keypad.c      ****                     key=0;
 313              		.loc 1 113 0
 314 010a 0022     		movs	r2, #0
 315 010c 454B     		ldr	r3, .L37+4
 316 010e 1A60     		str	r2, [r3]
 114:Keypad.c      ****                     CyDelay(500);
 317              		.loc 1 114 0
 318 0110 FA20     		movs	r0, #250
 319 0112 4000     		lsls	r0, r0, #1
 320 0114 FFF7FEFF 		bl	CyDelay
 321              	.LVL37:
 115:Keypad.c      ****                     break;
 322              		.loc 1 115 0
 323 0118 16E0     		b	.L18
 324              	.L22:
 116:Keypad.c      ****                     
 117:Keypad.c      ****                 case 0x0d:
 118:Keypad.c      ****                     key=8;
 325              		.loc 1 118 0
 326 011a 0822     		movs	r2, #8
 327 011c 414B     		ldr	r3, .L37+4
 328 011e 1A60     		str	r2, [r3]
 119:Keypad.c      ****                     CyDelay(500);
 329              		.loc 1 119 0
 330 0120 FA20     		movs	r0, #250
 331 0122 4000     		lsls	r0, r0, #1
 332 0124 FFF7FEFF 		bl	CyDelay
 333              	.LVL38:
 120:Keypad.c      ****                     break; 
 334              		.loc 1 120 0
ARM GAS  C:\Users\biosh\AppData\Local\Temp\ccsqKlHg.s 			page 9


 335 0128 0EE0     		b	.L18
 336              	.L19:
 121:Keypad.c      ****                 
 122:Keypad.c      ****                 case 0x0b:
 123:Keypad.c      ****                     key=5;
 337              		.loc 1 123 0
 338 012a 0522     		movs	r2, #5
 339 012c 3D4B     		ldr	r3, .L37+4
 340 012e 1A60     		str	r2, [r3]
 124:Keypad.c      ****                     CyDelay(500);
 341              		.loc 1 124 0
 342 0130 FA20     		movs	r0, #250
 343 0132 4000     		lsls	r0, r0, #1
 344 0134 FFF7FEFF 		bl	CyDelay
 345              	.LVL39:
 125:Keypad.c      ****                     break;
 346              		.loc 1 125 0
 347 0138 06E0     		b	.L18
 348              	.L21:
 126:Keypad.c      ****                 
 127:Keypad.c      ****                 case 0x07:
 128:Keypad.c      ****                     key=2;
 349              		.loc 1 128 0
 350 013a 0222     		movs	r2, #2
 351 013c 394B     		ldr	r3, .L37+4
 352 013e 1A60     		str	r2, [r3]
 129:Keypad.c      ****                     CyDelay(500);
 353              		.loc 1 129 0
 354 0140 FA20     		movs	r0, #250
 355 0142 4000     		lsls	r0, r0, #1
 356 0144 FFF7FEFF 		bl	CyDelay
 357              	.LVL40:
 358              	.L18:
 130:Keypad.c      ****                     break;
 131:Keypad.c      **** 
 132:Keypad.c      ****                 default: 
 133:Keypad.c      ****                     return;
 134:Keypad.c      ****             }
 135:Keypad.c      ****         }
 136:Keypad.c      ****         
 137:Keypad.c      ****         Col_Write(0x0b);
 359              		.loc 1 137 0
 360 0148 0B20     		movs	r0, #11
 361 014a FFF7FEFF 		bl	Col_Write
 362              	.LVL41:
 138:Keypad.c      ****         
 139:Keypad.c      ****         value= Filas_Read();
 363              		.loc 1 139 0
 364 014e FFF7FEFF 		bl	Filas_Read
 365              	.LVL42:
 366 0152 334A     		ldr	r2, .L37
 367 0154 5070     		strb	r0, [r2, #1]
 140:Keypad.c      ****         
 141:Keypad.c      ****         if(value !=0x0F){
 368              		.loc 1 141 0
 369 0156 0F28     		cmp	r0, #15
 370 0158 2BD0     		beq	.L24
ARM GAS  C:\Users\biosh\AppData\Local\Temp\ccsqKlHg.s 			page 10


 142:Keypad.c      ****             switch(value){
 371              		.loc 1 142 0
 372 015a 0B28     		cmp	r0, #11
 373 015c 17D0     		beq	.L25
 374 015e 02D8     		bhi	.L26
 375 0160 0728     		cmp	r0, #7
 376 0162 1CD0     		beq	.L27
 377 0164 25E0     		b	.L24
 378              	.L26:
 379 0166 0D28     		cmp	r0, #13
 380 0168 09D0     		beq	.L28
 381 016a 0E28     		cmp	r0, #14
 382 016c 21D1     		bne	.L24
 143:Keypad.c      ****                 case 0x0e:
 144:Keypad.c      ****                     key='D';
 383              		.loc 1 144 0
 384 016e 4422     		movs	r2, #68
 385 0170 2C4B     		ldr	r3, .L37+4
 386 0172 1A60     		str	r2, [r3]
 145:Keypad.c      ****                     CyDelay(500);
 387              		.loc 1 145 0
 388 0174 FA20     		movs	r0, #250
 389 0176 4000     		lsls	r0, r0, #1
 390 0178 FFF7FEFF 		bl	CyDelay
 391              	.LVL43:
 146:Keypad.c      ****                     break;
 392              		.loc 1 146 0
 393 017c 19E0     		b	.L24
 394              	.L28:
 147:Keypad.c      ****                     
 148:Keypad.c      ****                 case 0x0d:
 149:Keypad.c      ****                     key='C';
 395              		.loc 1 149 0
 396 017e 4322     		movs	r2, #67
 397 0180 284B     		ldr	r3, .L37+4
 398 0182 1A60     		str	r2, [r3]
 150:Keypad.c      ****                     CyDelay(500);
 399              		.loc 1 150 0
 400 0184 FA20     		movs	r0, #250
 401 0186 4000     		lsls	r0, r0, #1
 402 0188 FFF7FEFF 		bl	CyDelay
 403              	.LVL44:
 151:Keypad.c      ****                     break;
 404              		.loc 1 151 0
 405 018c 11E0     		b	.L24
 406              	.L25:
 152:Keypad.c      ****                 
 153:Keypad.c      ****                 case 0x0b:
 154:Keypad.c      ****                     key='B';
 407              		.loc 1 154 0
 408 018e 4222     		movs	r2, #66
 409 0190 244B     		ldr	r3, .L37+4
 410 0192 1A60     		str	r2, [r3]
 155:Keypad.c      ****                     CyDelay(500);
 411              		.loc 1 155 0
 412 0194 FA20     		movs	r0, #250
 413 0196 4000     		lsls	r0, r0, #1
ARM GAS  C:\Users\biosh\AppData\Local\Temp\ccsqKlHg.s 			page 11


 414 0198 FFF7FEFF 		bl	CyDelay
 415              	.LVL45:
 156:Keypad.c      ****                     break;
 416              		.loc 1 156 0
 417 019c 09E0     		b	.L24
 418              	.L27:
 157:Keypad.c      ****                 
 158:Keypad.c      ****                 case 0x07:
 159:Keypad.c      ****                     key='A';
 419              		.loc 1 159 0
 420 019e 4122     		movs	r2, #65
 421 01a0 204B     		ldr	r3, .L37+4
 422 01a2 1A60     		str	r2, [r3]
 160:Keypad.c      ****                     CheckPassword(inputPassword);
 423              		.loc 1 160 0
 424 01a4 2148     		ldr	r0, .L37+12
 425 01a6 FFF7FEFF 		bl	CheckPassword
 426              	.LVL46:
 161:Keypad.c      ****                     CyDelay(500);                
 427              		.loc 1 161 0
 428 01aa FA20     		movs	r0, #250
 429 01ac 4000     		lsls	r0, r0, #1
 430 01ae FFF7FEFF 		bl	CyDelay
 431              	.LVL47:
 432              	.L24:
 162:Keypad.c      ****                     break;
 163:Keypad.c      ****                 
 164:Keypad.c      ****                 
 165:Keypad.c      ****                 default:
 166:Keypad.c      ****                     break;
 167:Keypad.c      ****                     
 168:Keypad.c      ****             }
 169:Keypad.c      ****         }
 170:Keypad.c      ****         
 171:Keypad.c      ****         Col_Write(0x07);
 433              		.loc 1 171 0
 434 01b2 0720     		movs	r0, #7
 435 01b4 FFF7FEFF 		bl	Col_Write
 436              	.LVL48:
 172:Keypad.c      ****         value= Filas_Read();
 437              		.loc 1 172 0
 438 01b8 FFF7FEFF 		bl	Filas_Read
 439              	.LVL49:
 440 01bc 184A     		ldr	r2, .L37
 441 01be 5070     		strb	r0, [r2, #1]
 173:Keypad.c      ****         if(value !=0x0F){
 442              		.loc 1 173 0
 443 01c0 0F28     		cmp	r0, #15
 444 01c2 28D0     		beq	.L30
 174:Keypad.c      ****             switch(value){
 445              		.loc 1 174 0
 446 01c4 0B28     		cmp	r0, #11
 447 01c6 17D0     		beq	.L31
 448 01c8 02D8     		bhi	.L32
 449 01ca 0728     		cmp	r0, #7
 450 01cc 1CD0     		beq	.L33
 451 01ce 22E0     		b	.L30
ARM GAS  C:\Users\biosh\AppData\Local\Temp\ccsqKlHg.s 			page 12


 452              	.L32:
 453 01d0 0D28     		cmp	r0, #13
 454 01d2 09D0     		beq	.L34
 455 01d4 0E28     		cmp	r0, #14
 456 01d6 1ED1     		bne	.L30
 175:Keypad.c      ****                 case 0x0e:
 176:Keypad.c      ****                     key='#';
 457              		.loc 1 176 0
 458 01d8 2322     		movs	r2, #35
 459 01da 124B     		ldr	r3, .L37+4
 460 01dc 1A60     		str	r2, [r3]
 177:Keypad.c      ****                     CyDelay(500);
 461              		.loc 1 177 0
 462 01de FA20     		movs	r0, #250
 463 01e0 4000     		lsls	r0, r0, #1
 464 01e2 FFF7FEFF 		bl	CyDelay
 465              	.LVL50:
 178:Keypad.c      ****                     break;
 466              		.loc 1 178 0
 467 01e6 16E0     		b	.L30
 468              	.L34:
 179:Keypad.c      ****                 case 0x0d:
 180:Keypad.c      ****                     key=9;
 469              		.loc 1 180 0
 470 01e8 0922     		movs	r2, #9
 471 01ea 0E4B     		ldr	r3, .L37+4
 472 01ec 1A60     		str	r2, [r3]
 181:Keypad.c      ****                     CyDelay(500);
 473              		.loc 1 181 0
 474 01ee FA20     		movs	r0, #250
 475 01f0 4000     		lsls	r0, r0, #1
 476 01f2 FFF7FEFF 		bl	CyDelay
 477              	.LVL51:
 182:Keypad.c      ****                     break;
 478              		.loc 1 182 0
 479 01f6 0EE0     		b	.L30
 480              	.L31:
 183:Keypad.c      ****                 
 184:Keypad.c      ****                 case 0x0b:
 185:Keypad.c      ****                     key=6;
 481              		.loc 1 185 0
 482 01f8 0622     		movs	r2, #6
 483 01fa 0A4B     		ldr	r3, .L37+4
 484 01fc 1A60     		str	r2, [r3]
 186:Keypad.c      ****                     CyDelay(500);
 485              		.loc 1 186 0
 486 01fe FA20     		movs	r0, #250
 487 0200 4000     		lsls	r0, r0, #1
 488 0202 FFF7FEFF 		bl	CyDelay
 489              	.LVL52:
 187:Keypad.c      ****                     break;
 490              		.loc 1 187 0
 491 0206 06E0     		b	.L30
 492              	.L33:
 188:Keypad.c      ****                 case 0x07:
 189:Keypad.c      ****                     key=3;
 493              		.loc 1 189 0
ARM GAS  C:\Users\biosh\AppData\Local\Temp\ccsqKlHg.s 			page 13


 494 0208 0322     		movs	r2, #3
 495 020a 064B     		ldr	r3, .L37+4
 496 020c 1A60     		str	r2, [r3]
 190:Keypad.c      ****                     CyDelay(500);
 497              		.loc 1 190 0
 498 020e FA20     		movs	r0, #250
 499 0210 4000     		lsls	r0, r0, #1
 500 0212 FFF7FEFF 		bl	CyDelay
 501              	.LVL53:
 502              	.L30:
 191:Keypad.c      ****                     break;
 192:Keypad.c      ****                 default:
 193:Keypad.c      ****                     break;
 194:Keypad.c      ****             }
 195:Keypad.c      ****         }
 196:Keypad.c      ****         Col_Write(0x00);
 503              		.loc 1 196 0
 504 0216 0020     		movs	r0, #0
 505 0218 FFF7FEFF 		bl	Col_Write
 506              	.LVL54:
 507              	.L5:
 197:Keypad.c      ****         
 198:Keypad.c      ****     }
 199:Keypad.c      **** }...
 508              		.loc 1 199 0
 509              		@ sp needed
 510              	.LVL55:
 511              	.LVL56:
 512 021c 70BD     		pop	{r4, r5, r6, pc}
 513              	.L38:
 514 021e C046     		.align	2
 515              	.L37:
 516 0220 00000000 		.word	.LANCHOR0
 517 0224 00000000 		.word	key
 518 0228 00000000 		.word	.LANCHOR1
 519 022c 00000000 		.word	inputPassword
 520              		.cfi_endproc
 521              	.LFE38:
 522              		.size	InterrupRowButtons, .-InterrupRowButtons
 523              		.section	.text.Keypad_stop,"ax",%progbits
 524              		.align	2
 525              		.global	Keypad_stop
 526              		.code	16
 527              		.thumb_func
 528              		.type	Keypad_stop, %function
 529              	Keypad_stop:
 530              	.LFB36:
  38:Keypad.c      **** void Keypad_stop(void){  
 531              		.loc 1 38 0
 532              		.cfi_startproc
 533              		@ args = 0, pretend = 0, frame = 0
 534              		@ frame_needed = 0, uses_anonymous_args = 0
 535              		@ link register save eliminated.
  40:Keypad.c      **** }
 536              		.loc 1 40 0
 537              		@ sp needed
 538 0000 7047     		bx	lr
ARM GAS  C:\Users\biosh\AppData\Local\Temp\ccsqKlHg.s 			page 14


 539              		.cfi_endproc
 540              	.LFE36:
 541              		.size	Keypad_stop, .-Keypad_stop
 542 0002 C046     		.section	.text.Keypad_start,"ax",%progbits
 543              		.align	2
 544              		.global	Keypad_start
 545              		.code	16
 546              		.thumb_func
 547              		.type	Keypad_start, %function
 548              	Keypad_start:
 549              	.LFB37:
  43:Keypad.c      **** void Keypad_start(void){
 550              		.loc 1 43 0
 551              		.cfi_startproc
 552              		@ args = 0, pretend = 0, frame = 0
 553              		@ frame_needed = 0, uses_anonymous_args = 0
 554 0000 10B5     		push	{r4, lr}
 555              		.cfi_def_cfa_offset 8
 556              		.cfi_offset 4, -8
 557              		.cfi_offset 14, -4
  44:Keypad.c      ****     UART_Start();
 558              		.loc 1 44 0
 559 0002 FFF7FEFF 		bl	UART_Start
 560              	.LVL57:
  45:Keypad.c      ****     IsrRowPins_StartEx(InterrupRowButtons);    
 561              		.loc 1 45 0
 562 0006 0448     		ldr	r0, .L41
 563 0008 FFF7FEFF 		bl	IsrRowPins_StartEx
 564              	.LVL58:
  46:Keypad.c      ****     Col_Write(0x00);
 565              		.loc 1 46 0
 566 000c 0020     		movs	r0, #0
 567 000e FFF7FEFF 		bl	Col_Write
 568              	.LVL59:
  47:Keypad.c      ****     IsrRowPins_Enable();
 569              		.loc 1 47 0
 570 0012 FFF7FEFF 		bl	IsrRowPins_Enable
 571              	.LVL60:
  49:Keypad.c      **** }
 572              		.loc 1 49 0
 573              		@ sp needed
 574 0016 10BD     		pop	{r4, pc}
 575              	.L42:
 576              		.align	2
 577              	.L41:
 578 0018 00000000 		.word	InterrupRowButtons
 579              		.cfi_endproc
 580              	.LFE37:
 581              		.size	Keypad_start, .-Keypad_start
 582              		.global	key1
 583              		.global	key7
 584              		.global	key4
 585              		.global	keyast
 586              		.comm	inputPassword,4,4
 587              		.comm	contrasena,4,4
 588              		.comm	key,4,4
 589              		.comm	show,250,4
ARM GAS  C:\Users\biosh\AppData\Local\Temp\ccsqKlHg.s 			page 15


 590              		.global	value
 591              		.data
 592              		.align	2
 593              		.set	.LANCHOR1,. + 0
 594              		.type	keyast, %object
 595              		.size	keyast, 4
 596              	keyast:
 597 0000 0C000000 		.word	.LC7
 598              		.type	key7, %object
 599              		.size	key7, 4
 600              	key7:
 601 0004 08000000 		.word	.LC5
 602              		.type	key4, %object
 603              		.size	key4, 4
 604              	key4:
 605 0008 04000000 		.word	.LC3
 606              		.type	key1, %object
 607              		.size	key1, 4
 608              	key1:
 609 000c 00000000 		.word	.LC1
 610              		.section	.rodata.str1.4,"aMS",%progbits,1
 611              		.align	2
 612              	.LC1:
 613 0000 3100     		.ascii	"1\000"
 614 0002 0000     		.space	2
 615              	.LC3:
 616 0004 3400     		.ascii	"4\000"
 617 0006 0000     		.space	2
 618              	.LC5:
 619 0008 3700     		.ascii	"7\000"
 620 000a 0000     		.space	2
 621              	.LC7:
 622 000c 2A00     		.ascii	"*\000"
 623              		.bss
 624              		.set	.LANCHOR0,. + 0
 625              		.type	validkey, %object
 626              		.size	validkey, 1
 627              	validkey:
 628 0000 00       		.space	1
 629              		.type	value, %object
 630              		.size	value, 1
 631              	value:
 632 0001 00       		.space	1
 633              		.text
 634              	.Letext0:
 635              		.file 2 "Lib_led.h"
 636              		.file 3 "Generated_Source\\PSoC4/CyLib.h"
 637              		.file 4 "Generated_Source\\PSoC4/Filas.h"
 638              		.file 5 "Generated_Source\\PSoC4/Col.h"
 639              		.file 6 "c:\\program files (x86)\\cypress\\psoc creator\\4.3\\psoc creator\\import\\gnu\\arm\\5.4.
 640              		.file 7 "Generated_Source\\PSoC4/UART.h"
 641              		.file 8 "Generated_Source\\PSoC4/IsrRowPins.h"
 642              		.file 9 "Generated_Source\\PSoC4/cytypes.h"
 643              		.file 10 "<built-in>"
 644              		.section	.debug_info,"",%progbits
 645              	.Ldebug_info0:
 646 0000 F2050000 		.4byte	0x5f2
ARM GAS  C:\Users\biosh\AppData\Local\Temp\ccsqKlHg.s 			page 16


 647 0004 0400     		.2byte	0x4
 648 0006 00000000 		.4byte	.Ldebug_abbrev0
 649 000a 04       		.byte	0x4
 650 000b 01       		.uleb128 0x1
 651 000c 41010000 		.4byte	.LASF36
 652 0010 0C       		.byte	0xc
 653 0011 27000000 		.4byte	.LASF37
 654 0015 49020000 		.4byte	.LASF38
 655 0019 00000000 		.4byte	.Ldebug_ranges0+0
 656 001d 00000000 		.4byte	0
 657 0021 00000000 		.4byte	.Ldebug_line0
 658 0025 02       		.uleb128 0x2
 659 0026 01       		.byte	0x1
 660 0027 06       		.byte	0x6
 661 0028 25020000 		.4byte	.LASF0
 662 002c 02       		.uleb128 0x2
 663 002d 01       		.byte	0x1
 664 002e 08       		.byte	0x8
 665 002f 8D000000 		.4byte	.LASF1
 666 0033 02       		.uleb128 0x2
 667 0034 02       		.byte	0x2
 668 0035 05       		.byte	0x5
 669 0036 F9010000 		.4byte	.LASF2
 670 003a 02       		.uleb128 0x2
 671 003b 02       		.byte	0x2
 672 003c 07       		.byte	0x7
 673 003d D3000000 		.4byte	.LASF3
 674 0041 02       		.uleb128 0x2
 675 0042 04       		.byte	0x4
 676 0043 05       		.byte	0x5
 677 0044 10020000 		.4byte	.LASF4
 678 0048 02       		.uleb128 0x2
 679 0049 04       		.byte	0x4
 680 004a 07       		.byte	0x7
 681 004b B4000000 		.4byte	.LASF5
 682 004f 02       		.uleb128 0x2
 683 0050 08       		.byte	0x8
 684 0051 05       		.byte	0x5
 685 0052 D8010000 		.4byte	.LASF6
 686 0056 02       		.uleb128 0x2
 687 0057 08       		.byte	0x8
 688 0058 07       		.byte	0x7
 689 0059 1F010000 		.4byte	.LASF7
 690 005d 03       		.uleb128 0x3
 691 005e 04       		.byte	0x4
 692 005f 05       		.byte	0x5
 693 0060 696E7400 		.ascii	"int\000"
 694 0064 02       		.uleb128 0x2
 695 0065 04       		.byte	0x4
 696 0066 07       		.byte	0x7
 697 0067 44000000 		.4byte	.LASF8
 698 006b 04       		.uleb128 0x4
 699 006c 82000000 		.4byte	.LASF39
 700 0070 09       		.byte	0x9
 701 0071 F701     		.2byte	0x1f7
 702 0073 2C000000 		.4byte	0x2c
 703 0077 02       		.uleb128 0x2
ARM GAS  C:\Users\biosh\AppData\Local\Temp\ccsqKlHg.s 			page 17


 704 0078 04       		.byte	0x4
 705 0079 04       		.byte	0x4
 706 007a 7C000000 		.4byte	.LASF9
 707 007e 02       		.uleb128 0x2
 708 007f 08       		.byte	0x8
 709 0080 04       		.byte	0x4
 710 0081 51000000 		.4byte	.LASF10
 711 0085 02       		.uleb128 0x2
 712 0086 01       		.byte	0x1
 713 0087 08       		.byte	0x8
 714 0088 E6010000 		.4byte	.LASF11
 715 008c 02       		.uleb128 0x2
 716 008d 08       		.byte	0x8
 717 008e 04       		.byte	0x4
 718 008f 19020000 		.4byte	.LASF12
 719 0093 02       		.uleb128 0x2
 720 0094 04       		.byte	0x4
 721 0095 07       		.byte	0x7
 722 0096 CF010000 		.4byte	.LASF13
 723 009a 05       		.uleb128 0x5
 724 009b 04       		.byte	0x4
 725 009c 85000000 		.4byte	0x85
 726 00a0 05       		.uleb128 0x5
 727 00a1 04       		.byte	0x4
 728 00a2 A6000000 		.4byte	0xa6
 729 00a6 06       		.uleb128 0x6
 730 00a7 85000000 		.4byte	0x85
 731 00ab 07       		.uleb128 0x7
 732 00ac 30000000 		.4byte	.LASF14
 733 00b0 01       		.byte	0x1
 734 00b1 19       		.byte	0x19
 735 00b2 00000000 		.4byte	.LFB35
 736 00b6 70000000 		.4byte	.LFE35-.LFB35
 737 00ba 01       		.uleb128 0x1
 738 00bb 9C       		.byte	0x9c
 739 00bc AA010000 		.4byte	0x1aa
 740 00c0 08       		.uleb128 0x8
 741 00c1 9B000000 		.4byte	.LASF40
 742 00c5 01       		.byte	0x1
 743 00c6 19       		.byte	0x19
 744 00c7 9A000000 		.4byte	0x9a
 745 00cb 00000000 		.4byte	.LLST0
 746 00cf 09       		.uleb128 0x9
 747 00d0 0C000000 		.4byte	.LVL2
 748 00d4 7A050000 		.4byte	0x57a
 749 00d8 E3000000 		.4byte	0xe3
 750 00dc 0A       		.uleb128 0xa
 751 00dd 01       		.uleb128 0x1
 752 00de 50       		.byte	0x50
 753 00df 02       		.uleb128 0x2
 754 00e0 74       		.byte	0x74
 755 00e1 00       		.sleb128 0
 756 00e2 00       		.byte	0
 757 00e3 09       		.uleb128 0x9
 758 00e4 16000000 		.4byte	.LVL3
 759 00e8 89050000 		.4byte	0x589
 760 00ec FF000000 		.4byte	0xff
ARM GAS  C:\Users\biosh\AppData\Local\Temp\ccsqKlHg.s 			page 18


 761 00f0 0A       		.uleb128 0xa
 762 00f1 01       		.uleb128 0x1
 763 00f2 51       		.byte	0x51
 764 00f3 05       		.uleb128 0x5
 765 00f4 03       		.byte	0x3
 766 00f5 00000000 		.4byte	.LC1
 767 00f9 0A       		.uleb128 0xa
 768 00fa 01       		.uleb128 0x1
 769 00fb 52       		.byte	0x52
 770 00fc 01       		.uleb128 0x1
 771 00fd 32       		.byte	0x32
 772 00fe 00       		.byte	0
 773 00ff 09       		.uleb128 0x9
 774 0100 1C000000 		.4byte	.LVL4
 775 0104 7A050000 		.4byte	0x57a
 776 0108 13010000 		.4byte	0x113
 777 010c 0A       		.uleb128 0xa
 778 010d 01       		.uleb128 0x1
 779 010e 50       		.byte	0x50
 780 010f 02       		.uleb128 0x2
 781 0110 74       		.byte	0x74
 782 0111 00       		.sleb128 0
 783 0112 00       		.byte	0
 784 0113 09       		.uleb128 0x9
 785 0114 26000000 		.4byte	.LVL5
 786 0118 89050000 		.4byte	0x589
 787 011c 2F010000 		.4byte	0x12f
 788 0120 0A       		.uleb128 0xa
 789 0121 01       		.uleb128 0x1
 790 0122 51       		.byte	0x51
 791 0123 05       		.uleb128 0x5
 792 0124 03       		.byte	0x3
 793 0125 04000000 		.4byte	.LC3
 794 0129 0A       		.uleb128 0xa
 795 012a 01       		.uleb128 0x1
 796 012b 52       		.byte	0x52
 797 012c 01       		.uleb128 0x1
 798 012d 32       		.byte	0x32
 799 012e 00       		.byte	0
 800 012f 09       		.uleb128 0x9
 801 0130 2C000000 		.4byte	.LVL6
 802 0134 7A050000 		.4byte	0x57a
 803 0138 43010000 		.4byte	0x143
 804 013c 0A       		.uleb128 0xa
 805 013d 01       		.uleb128 0x1
 806 013e 50       		.byte	0x50
 807 013f 02       		.uleb128 0x2
 808 0140 74       		.byte	0x74
 809 0141 00       		.sleb128 0
 810 0142 00       		.byte	0
 811 0143 09       		.uleb128 0x9
 812 0144 36000000 		.4byte	.LVL7
 813 0148 89050000 		.4byte	0x589
 814 014c 5F010000 		.4byte	0x15f
 815 0150 0A       		.uleb128 0xa
 816 0151 01       		.uleb128 0x1
 817 0152 51       		.byte	0x51
ARM GAS  C:\Users\biosh\AppData\Local\Temp\ccsqKlHg.s 			page 19


 818 0153 05       		.uleb128 0x5
 819 0154 03       		.byte	0x3
 820 0155 08000000 		.4byte	.LC5
 821 0159 0A       		.uleb128 0xa
 822 015a 01       		.uleb128 0x1
 823 015b 52       		.byte	0x52
 824 015c 01       		.uleb128 0x1
 825 015d 32       		.byte	0x32
 826 015e 00       		.byte	0
 827 015f 09       		.uleb128 0x9
 828 0160 3C000000 		.4byte	.LVL8
 829 0164 7A050000 		.4byte	0x57a
 830 0168 73010000 		.4byte	0x173
 831 016c 0A       		.uleb128 0xa
 832 016d 01       		.uleb128 0x1
 833 016e 50       		.byte	0x50
 834 016f 02       		.uleb128 0x2
 835 0170 74       		.byte	0x74
 836 0171 00       		.sleb128 0
 837 0172 00       		.byte	0
 838 0173 09       		.uleb128 0x9
 839 0174 46000000 		.4byte	.LVL9
 840 0178 89050000 		.4byte	0x589
 841 017c 8F010000 		.4byte	0x18f
 842 0180 0A       		.uleb128 0xa
 843 0181 01       		.uleb128 0x1
 844 0182 51       		.byte	0x51
 845 0183 05       		.uleb128 0x5
 846 0184 03       		.byte	0x3
 847 0185 0C000000 		.4byte	.LC7
 848 0189 0A       		.uleb128 0xa
 849 018a 01       		.uleb128 0x1
 850 018b 52       		.byte	0x52
 851 018c 01       		.uleb128 0x1
 852 018d 32       		.byte	0x32
 853 018e 00       		.byte	0
 854 018f 0B       		.uleb128 0xb
 855 0190 4E000000 		.4byte	.LVL10
 856 0194 92050000 		.4byte	0x592
 857 0198 0C       		.uleb128 0xc
 858 0199 54000000 		.4byte	.LVL11
 859 019d 9D050000 		.4byte	0x59d
 860 01a1 0A       		.uleb128 0xa
 861 01a2 01       		.uleb128 0x1
 862 01a3 50       		.byte	0x50
 863 01a4 03       		.uleb128 0x3
 864 01a5 0A       		.byte	0xa
 865 01a6 8813     		.2byte	0x1388
 866 01a8 00       		.byte	0
 867 01a9 00       		.byte	0
 868 01aa 07       		.uleb128 0x7
 869 01ab A1000000 		.4byte	.LASF15
 870 01af 01       		.byte	0x1
 871 01b0 35       		.byte	0x35
 872 01b1 00000000 		.4byte	.LFB38
 873 01b5 30020000 		.4byte	.LFE38-.LFB38
 874 01b9 01       		.uleb128 0x1
ARM GAS  C:\Users\biosh\AppData\Local\Temp\ccsqKlHg.s 			page 20


 875 01ba 9C       		.byte	0x9c
 876 01bb 46040000 		.4byte	0x446
 877 01bf 0D       		.uleb128 0xd
 878 01c0 6900     		.ascii	"i\000"
 879 01c2 01       		.byte	0x1
 880 01c3 39       		.byte	0x39
 881 01c4 6B000000 		.4byte	0x6b
 882 01c8 2C000000 		.4byte	.LLST1
 883 01cc 0D       		.uleb128 0xd
 884 01cd 6A00     		.ascii	"j\000"
 885 01cf 01       		.byte	0x1
 886 01d0 39       		.byte	0x39
 887 01d1 6B000000 		.4byte	0x6b
 888 01d5 56000000 		.4byte	.LLST2
 889 01d9 0B       		.uleb128 0xb
 890 01da 06000000 		.4byte	.LVL13
 891 01de A8050000 		.4byte	0x5a8
 892 01e2 0B       		.uleb128 0xb
 893 01e3 10000000 		.4byte	.LVL15
 894 01e7 B3050000 		.4byte	0x5b3
 895 01eb 0B       		.uleb128 0xb
 896 01ec 18000000 		.4byte	.LVL16
 897 01f0 B3050000 		.4byte	0x5b3
 898 01f4 0B       		.uleb128 0xb
 899 01f5 20000000 		.4byte	.LVL17
 900 01f9 B3050000 		.4byte	0x5b3
 901 01fd 0B       		.uleb128 0xb
 902 01fe 28000000 		.4byte	.LVL18
 903 0202 B3050000 		.4byte	0x5b3
 904 0206 09       		.uleb128 0x9
 905 0207 56000000 		.4byte	.LVL24
 906 020b BE050000 		.4byte	0x5be
 907 020f 19020000 		.4byte	0x219
 908 0213 0A       		.uleb128 0xa
 909 0214 01       		.uleb128 0x1
 910 0215 50       		.byte	0x50
 911 0216 01       		.uleb128 0x1
 912 0217 3E       		.byte	0x3e
 913 0218 00       		.byte	0
 914 0219 0B       		.uleb128 0xb
 915 021a 5A000000 		.4byte	.LVL25
 916 021e B3050000 		.4byte	0x5b3
 917 0222 0B       		.uleb128 0xb
 918 0223 66000000 		.4byte	.LVL26
 919 0227 B3050000 		.4byte	0x5b3
 920 022b 0B       		.uleb128 0xb
 921 022c 8A000000 		.4byte	.LVL27
 922 0230 9D050000 		.4byte	0x59d
 923 0234 09       		.uleb128 0x9
 924 0235 94000000 		.4byte	.LVL28
 925 0239 C9050000 		.4byte	0x5c9
 926 023d 4B020000 		.4byte	0x24b
 927 0241 0A       		.uleb128 0xa
 928 0242 01       		.uleb128 0x1
 929 0243 50       		.byte	0x50
 930 0244 05       		.uleb128 0x5
 931 0245 03       		.byte	0x3
ARM GAS  C:\Users\biosh\AppData\Local\Temp\ccsqKlHg.s 			page 21


 932 0246 00000000 		.4byte	inputPassword
 933 024a 00       		.byte	0
 934 024b 09       		.uleb128 0x9
 935 024c A4000000 		.4byte	.LVL29
 936 0250 9D050000 		.4byte	0x59d
 937 0254 60020000 		.4byte	0x260
 938 0258 0A       		.uleb128 0xa
 939 0259 01       		.uleb128 0x1
 940 025a 50       		.byte	0x50
 941 025b 03       		.uleb128 0x3
 942 025c 0A       		.byte	0xa
 943 025d F401     		.2byte	0x1f4
 944 025f 00       		.byte	0
 945 0260 09       		.uleb128 0x9
 946 0261 AE000000 		.4byte	.LVL30
 947 0265 C9050000 		.4byte	0x5c9
 948 0269 77020000 		.4byte	0x277
 949 026d 0A       		.uleb128 0xa
 950 026e 01       		.uleb128 0x1
 951 026f 50       		.byte	0x50
 952 0270 05       		.uleb128 0x5
 953 0271 03       		.byte	0x3
 954 0272 00000000 		.4byte	inputPassword
 955 0276 00       		.byte	0
 956 0277 09       		.uleb128 0x9
 957 0278 BE000000 		.4byte	.LVL31
 958 027c 9D050000 		.4byte	0x59d
 959 0280 8C020000 		.4byte	0x28c
 960 0284 0A       		.uleb128 0xa
 961 0285 01       		.uleb128 0x1
 962 0286 50       		.byte	0x50
 963 0287 03       		.uleb128 0x3
 964 0288 0A       		.byte	0xa
 965 0289 F401     		.2byte	0x1f4
 966 028b 00       		.byte	0
 967 028c 09       		.uleb128 0x9
 968 028d C8000000 		.4byte	.LVL32
 969 0291 C9050000 		.4byte	0x5c9
 970 0295 A3020000 		.4byte	0x2a3
 971 0299 0A       		.uleb128 0xa
 972 029a 01       		.uleb128 0x1
 973 029b 50       		.byte	0x50
 974 029c 05       		.uleb128 0x5
 975 029d 03       		.byte	0x3
 976 029e 00000000 		.4byte	inputPassword
 977 02a2 00       		.byte	0
 978 02a3 09       		.uleb128 0x9
 979 02a4 D8000000 		.4byte	.LVL33
 980 02a8 9D050000 		.4byte	0x59d
 981 02ac B8020000 		.4byte	0x2b8
 982 02b0 0A       		.uleb128 0xa
 983 02b1 01       		.uleb128 0x1
 984 02b2 50       		.byte	0x50
 985 02b3 03       		.uleb128 0x3
 986 02b4 0A       		.byte	0xa
 987 02b5 F401     		.2byte	0x1f4
 988 02b7 00       		.byte	0
ARM GAS  C:\Users\biosh\AppData\Local\Temp\ccsqKlHg.s 			page 22


 989 02b8 09       		.uleb128 0x9
 990 02b9 E2000000 		.4byte	.LVL34
 991 02bd C9050000 		.4byte	0x5c9
 992 02c1 CF020000 		.4byte	0x2cf
 993 02c5 0A       		.uleb128 0xa
 994 02c6 01       		.uleb128 0x1
 995 02c7 50       		.byte	0x50
 996 02c8 05       		.uleb128 0x5
 997 02c9 03       		.byte	0x3
 998 02ca 00000000 		.4byte	inputPassword
 999 02ce 00       		.byte	0
 1000 02cf 09       		.uleb128 0x9
 1001 02d0 E8000000 		.4byte	.LVL35
 1002 02d4 BE050000 		.4byte	0x5be
 1003 02d8 E2020000 		.4byte	0x2e2
 1004 02dc 0A       		.uleb128 0xa
 1005 02dd 01       		.uleb128 0x1
 1006 02de 50       		.byte	0x50
 1007 02df 01       		.uleb128 0x1
 1008 02e0 3D       		.byte	0x3d
 1009 02e1 00       		.byte	0
 1010 02e2 0B       		.uleb128 0xb
 1011 02e3 EC000000 		.4byte	.LVL36
 1012 02e7 B3050000 		.4byte	0x5b3
 1013 02eb 09       		.uleb128 0x9
 1014 02ec 18010000 		.4byte	.LVL37
 1015 02f0 9D050000 		.4byte	0x59d
 1016 02f4 00030000 		.4byte	0x300
 1017 02f8 0A       		.uleb128 0xa
 1018 02f9 01       		.uleb128 0x1
 1019 02fa 50       		.byte	0x50
 1020 02fb 03       		.uleb128 0x3
 1021 02fc 0A       		.byte	0xa
 1022 02fd F401     		.2byte	0x1f4
 1023 02ff 00       		.byte	0
 1024 0300 09       		.uleb128 0x9
 1025 0301 28010000 		.4byte	.LVL38
 1026 0305 9D050000 		.4byte	0x59d
 1027 0309 15030000 		.4byte	0x315
 1028 030d 0A       		.uleb128 0xa
 1029 030e 01       		.uleb128 0x1
 1030 030f 50       		.byte	0x50
 1031 0310 03       		.uleb128 0x3
 1032 0311 0A       		.byte	0xa
 1033 0312 F401     		.2byte	0x1f4
 1034 0314 00       		.byte	0
 1035 0315 09       		.uleb128 0x9
 1036 0316 38010000 		.4byte	.LVL39
 1037 031a 9D050000 		.4byte	0x59d
 1038 031e 2A030000 		.4byte	0x32a
 1039 0322 0A       		.uleb128 0xa
 1040 0323 01       		.uleb128 0x1
 1041 0324 50       		.byte	0x50
 1042 0325 03       		.uleb128 0x3
 1043 0326 0A       		.byte	0xa
 1044 0327 F401     		.2byte	0x1f4
 1045 0329 00       		.byte	0
ARM GAS  C:\Users\biosh\AppData\Local\Temp\ccsqKlHg.s 			page 23


 1046 032a 09       		.uleb128 0x9
 1047 032b 48010000 		.4byte	.LVL40
 1048 032f 9D050000 		.4byte	0x59d
 1049 0333 3F030000 		.4byte	0x33f
 1050 0337 0A       		.uleb128 0xa
 1051 0338 01       		.uleb128 0x1
 1052 0339 50       		.byte	0x50
 1053 033a 03       		.uleb128 0x3
 1054 033b 0A       		.byte	0xa
 1055 033c F401     		.2byte	0x1f4
 1056 033e 00       		.byte	0
 1057 033f 09       		.uleb128 0x9
 1058 0340 4E010000 		.4byte	.LVL41
 1059 0344 BE050000 		.4byte	0x5be
 1060 0348 52030000 		.4byte	0x352
 1061 034c 0A       		.uleb128 0xa
 1062 034d 01       		.uleb128 0x1
 1063 034e 50       		.byte	0x50
 1064 034f 01       		.uleb128 0x1
 1065 0350 3B       		.byte	0x3b
 1066 0351 00       		.byte	0
 1067 0352 0B       		.uleb128 0xb
 1068 0353 52010000 		.4byte	.LVL42
 1069 0357 B3050000 		.4byte	0x5b3
 1070 035b 09       		.uleb128 0x9
 1071 035c 7C010000 		.4byte	.LVL43
 1072 0360 9D050000 		.4byte	0x59d
 1073 0364 70030000 		.4byte	0x370
 1074 0368 0A       		.uleb128 0xa
 1075 0369 01       		.uleb128 0x1
 1076 036a 50       		.byte	0x50
 1077 036b 03       		.uleb128 0x3
 1078 036c 0A       		.byte	0xa
 1079 036d F401     		.2byte	0x1f4
 1080 036f 00       		.byte	0
 1081 0370 09       		.uleb128 0x9
 1082 0371 8C010000 		.4byte	.LVL44
 1083 0375 9D050000 		.4byte	0x59d
 1084 0379 85030000 		.4byte	0x385
 1085 037d 0A       		.uleb128 0xa
 1086 037e 01       		.uleb128 0x1
 1087 037f 50       		.byte	0x50
 1088 0380 03       		.uleb128 0x3
 1089 0381 0A       		.byte	0xa
 1090 0382 F401     		.2byte	0x1f4
 1091 0384 00       		.byte	0
 1092 0385 09       		.uleb128 0x9
 1093 0386 9C010000 		.4byte	.LVL45
 1094 038a 9D050000 		.4byte	0x59d
 1095 038e 9A030000 		.4byte	0x39a
 1096 0392 0A       		.uleb128 0xa
 1097 0393 01       		.uleb128 0x1
 1098 0394 50       		.byte	0x50
 1099 0395 03       		.uleb128 0x3
 1100 0396 0A       		.byte	0xa
 1101 0397 F401     		.2byte	0x1f4
 1102 0399 00       		.byte	0
ARM GAS  C:\Users\biosh\AppData\Local\Temp\ccsqKlHg.s 			page 24


 1103 039a 09       		.uleb128 0x9
 1104 039b AA010000 		.4byte	.LVL46
 1105 039f AB000000 		.4byte	0xab
 1106 03a3 B1030000 		.4byte	0x3b1
 1107 03a7 0A       		.uleb128 0xa
 1108 03a8 01       		.uleb128 0x1
 1109 03a9 50       		.byte	0x50
 1110 03aa 05       		.uleb128 0x5
 1111 03ab 03       		.byte	0x3
 1112 03ac 00000000 		.4byte	inputPassword
 1113 03b0 00       		.byte	0
 1114 03b1 09       		.uleb128 0x9
 1115 03b2 B2010000 		.4byte	.LVL47
 1116 03b6 9D050000 		.4byte	0x59d
 1117 03ba C6030000 		.4byte	0x3c6
 1118 03be 0A       		.uleb128 0xa
 1119 03bf 01       		.uleb128 0x1
 1120 03c0 50       		.byte	0x50
 1121 03c1 03       		.uleb128 0x3
 1122 03c2 0A       		.byte	0xa
 1123 03c3 F401     		.2byte	0x1f4
 1124 03c5 00       		.byte	0
 1125 03c6 09       		.uleb128 0x9
 1126 03c7 B8010000 		.4byte	.LVL48
 1127 03cb BE050000 		.4byte	0x5be
 1128 03cf D9030000 		.4byte	0x3d9
 1129 03d3 0A       		.uleb128 0xa
 1130 03d4 01       		.uleb128 0x1
 1131 03d5 50       		.byte	0x50
 1132 03d6 01       		.uleb128 0x1
 1133 03d7 37       		.byte	0x37
 1134 03d8 00       		.byte	0
 1135 03d9 0B       		.uleb128 0xb
 1136 03da BC010000 		.4byte	.LVL49
 1137 03de B3050000 		.4byte	0x5b3
 1138 03e2 09       		.uleb128 0x9
 1139 03e3 E6010000 		.4byte	.LVL50
 1140 03e7 9D050000 		.4byte	0x59d
 1141 03eb F7030000 		.4byte	0x3f7
 1142 03ef 0A       		.uleb128 0xa
 1143 03f0 01       		.uleb128 0x1
 1144 03f1 50       		.byte	0x50
 1145 03f2 03       		.uleb128 0x3
 1146 03f3 0A       		.byte	0xa
 1147 03f4 F401     		.2byte	0x1f4
 1148 03f6 00       		.byte	0
 1149 03f7 09       		.uleb128 0x9
 1150 03f8 F6010000 		.4byte	.LVL51
 1151 03fc 9D050000 		.4byte	0x59d
 1152 0400 0C040000 		.4byte	0x40c
 1153 0404 0A       		.uleb128 0xa
 1154 0405 01       		.uleb128 0x1
 1155 0406 50       		.byte	0x50
 1156 0407 03       		.uleb128 0x3
 1157 0408 0A       		.byte	0xa
 1158 0409 F401     		.2byte	0x1f4
 1159 040b 00       		.byte	0
ARM GAS  C:\Users\biosh\AppData\Local\Temp\ccsqKlHg.s 			page 25


 1160 040c 09       		.uleb128 0x9
 1161 040d 06020000 		.4byte	.LVL52
 1162 0411 9D050000 		.4byte	0x59d
 1163 0415 21040000 		.4byte	0x421
 1164 0419 0A       		.uleb128 0xa
 1165 041a 01       		.uleb128 0x1
 1166 041b 50       		.byte	0x50
 1167 041c 03       		.uleb128 0x3
 1168 041d 0A       		.byte	0xa
 1169 041e F401     		.2byte	0x1f4
 1170 0420 00       		.byte	0
 1171 0421 09       		.uleb128 0x9
 1172 0422 16020000 		.4byte	.LVL53
 1173 0426 9D050000 		.4byte	0x59d
 1174 042a 36040000 		.4byte	0x436
 1175 042e 0A       		.uleb128 0xa
 1176 042f 01       		.uleb128 0x1
 1177 0430 50       		.byte	0x50
 1178 0431 03       		.uleb128 0x3
 1179 0432 0A       		.byte	0xa
 1180 0433 F401     		.2byte	0x1f4
 1181 0435 00       		.byte	0
 1182 0436 0C       		.uleb128 0xc
 1183 0437 1C020000 		.4byte	.LVL54
 1184 043b BE050000 		.4byte	0x5be
 1185 043f 0A       		.uleb128 0xa
 1186 0440 01       		.uleb128 0x1
 1187 0441 50       		.byte	0x50
 1188 0442 01       		.uleb128 0x1
 1189 0443 30       		.byte	0x30
 1190 0444 00       		.byte	0
 1191 0445 00       		.byte	0
 1192 0446 0E       		.uleb128 0xe
 1193 0447 70000000 		.4byte	.LASF41
 1194 044b 01       		.byte	0x1
 1195 044c 26       		.byte	0x26
 1196 044d 00000000 		.4byte	.LFB36
 1197 0451 02000000 		.4byte	.LFE36-.LFB36
 1198 0455 01       		.uleb128 0x1
 1199 0456 9C       		.byte	0x9c
 1200 0457 07       		.uleb128 0x7
 1201 0458 03020000 		.4byte	.LASF16
 1202 045c 01       		.byte	0x1
 1203 045d 2B       		.byte	0x2b
 1204 045e 00000000 		.4byte	.LFB37
 1205 0462 1C000000 		.4byte	.LFE37-.LFB37
 1206 0466 01       		.uleb128 0x1
 1207 0467 9C       		.byte	0x9c
 1208 0468 A9040000 		.4byte	0x4a9
 1209 046c 0B       		.uleb128 0xb
 1210 046d 06000000 		.4byte	.LVL57
 1211 0471 D4050000 		.4byte	0x5d4
 1212 0475 09       		.uleb128 0x9
 1213 0476 0C000000 		.4byte	.LVL58
 1214 047a DF050000 		.4byte	0x5df
 1215 047e 8C040000 		.4byte	0x48c
 1216 0482 0A       		.uleb128 0xa
ARM GAS  C:\Users\biosh\AppData\Local\Temp\ccsqKlHg.s 			page 26


 1217 0483 01       		.uleb128 0x1
 1218 0484 50       		.byte	0x50
 1219 0485 05       		.uleb128 0x5
 1220 0486 03       		.byte	0x3
 1221 0487 00000000 		.4byte	InterrupRowButtons
 1222 048b 00       		.byte	0
 1223 048c 09       		.uleb128 0x9
 1224 048d 12000000 		.4byte	.LVL59
 1225 0491 BE050000 		.4byte	0x5be
 1226 0495 9F040000 		.4byte	0x49f
 1227 0499 0A       		.uleb128 0xa
 1228 049a 01       		.uleb128 0x1
 1229 049b 50       		.byte	0x50
 1230 049c 01       		.uleb128 0x1
 1231 049d 30       		.byte	0x30
 1232 049e 00       		.byte	0
 1233 049f 0B       		.uleb128 0xb
 1234 04a0 16000000 		.4byte	.LVL60
 1235 04a4 EA050000 		.4byte	0x5ea
 1236 04a8 00       		.byte	0
 1237 04a9 0F       		.uleb128 0xf
 1238 04aa 1E000000 		.4byte	.LASF17
 1239 04ae 01       		.byte	0x1
 1240 04af 08       		.byte	0x8
 1241 04b0 BA040000 		.4byte	0x4ba
 1242 04b4 05       		.uleb128 0x5
 1243 04b5 03       		.byte	0x3
 1244 04b6 00000000 		.4byte	validkey
 1245 04ba 02       		.uleb128 0x2
 1246 04bb 01       		.byte	0x1
 1247 04bc 02       		.byte	0x2
 1248 04bd 43020000 		.4byte	.LASF18
 1249 04c1 10       		.uleb128 0x10
 1250 04c2 3E000000 		.4byte	.LASF19
 1251 04c6 01       		.byte	0x1
 1252 04c7 0A       		.byte	0xa
 1253 04c8 6B000000 		.4byte	0x6b
 1254 04cc 05       		.uleb128 0x5
 1255 04cd 03       		.byte	0x3
 1256 04ce 00000000 		.4byte	value
 1257 04d2 11       		.uleb128 0x11
 1258 04d3 85000000 		.4byte	0x85
 1259 04d7 E2040000 		.4byte	0x4e2
 1260 04db 12       		.uleb128 0x12
 1261 04dc 93000000 		.4byte	0x93
 1262 04e0 F9       		.byte	0xf9
 1263 04e1 00       		.byte	0
 1264 04e2 10       		.uleb128 0x10
 1265 04e3 88000000 		.4byte	.LASF20
 1266 04e7 01       		.byte	0x1
 1267 04e8 0C       		.byte	0xc
 1268 04e9 D2040000 		.4byte	0x4d2
 1269 04ed 05       		.uleb128 0x5
 1270 04ee 03       		.byte	0x3
 1271 04ef 00000000 		.4byte	show
 1272 04f3 13       		.uleb128 0x13
 1273 04f4 6B657900 		.ascii	"key\000"
ARM GAS  C:\Users\biosh\AppData\Local\Temp\ccsqKlHg.s 			page 27


 1274 04f8 01       		.byte	0x1
 1275 04f9 0E       		.byte	0xe
 1276 04fa 5D000000 		.4byte	0x5d
 1277 04fe 05       		.uleb128 0x5
 1278 04ff 03       		.byte	0x3
 1279 0500 00000000 		.4byte	key
 1280 0504 11       		.uleb128 0x11
 1281 0505 85000000 		.4byte	0x85
 1282 0509 14050000 		.4byte	0x514
 1283 050d 12       		.uleb128 0x12
 1284 050e 93000000 		.4byte	0x93
 1285 0512 03       		.byte	0x3
 1286 0513 00       		.byte	0
 1287 0514 10       		.uleb128 0x10
 1288 0515 00000000 		.4byte	.LASF21
 1289 0519 01       		.byte	0x1
 1290 051a 0F       		.byte	0xf
 1291 051b 04050000 		.4byte	0x504
 1292 051f 05       		.uleb128 0x5
 1293 0520 03       		.byte	0x3
 1294 0521 00000000 		.4byte	contrasena
 1295 0525 10       		.uleb128 0x10
 1296 0526 58000000 		.4byte	.LASF22
 1297 052a 01       		.byte	0x1
 1298 052b 10       		.byte	0x10
 1299 052c 04050000 		.4byte	0x504
 1300 0530 05       		.uleb128 0x5
 1301 0531 03       		.byte	0x3
 1302 0532 00000000 		.4byte	inputPassword
 1303 0536 10       		.uleb128 0x10
 1304 0537 EB010000 		.4byte	.LASF23
 1305 053b 01       		.byte	0x1
 1306 053c 13       		.byte	0x13
 1307 053d A0000000 		.4byte	0xa0
 1308 0541 05       		.uleb128 0x5
 1309 0542 03       		.byte	0x3
 1310 0543 00000000 		.4byte	keyast
 1311 0547 10       		.uleb128 0x10
 1312 0548 FD000000 		.4byte	.LASF24
 1313 054c 01       		.byte	0x1
 1314 054d 14       		.byte	0x14
 1315 054e A0000000 		.4byte	0xa0
 1316 0552 05       		.uleb128 0x5
 1317 0553 03       		.byte	0x3
 1318 0554 00000000 		.4byte	key4
 1319 0558 10       		.uleb128 0x10
 1320 0559 02010000 		.4byte	.LASF25
 1321 055d 01       		.byte	0x1
 1322 055e 15       		.byte	0x15
 1323 055f A0000000 		.4byte	0xa0
 1324 0563 05       		.uleb128 0x5
 1325 0564 03       		.byte	0x3
 1326 0565 00000000 		.4byte	key7
 1327 0569 10       		.uleb128 0x10
 1328 056a F8000000 		.4byte	.LASF26
 1329 056e 01       		.byte	0x1
 1330 056f 16       		.byte	0x16
ARM GAS  C:\Users\biosh\AppData\Local\Temp\ccsqKlHg.s 			page 28


 1331 0570 A0000000 		.4byte	0xa0
 1332 0574 05       		.uleb128 0x5
 1333 0575 03       		.byte	0x3
 1334 0576 00000000 		.4byte	key1
 1335 057a 14       		.uleb128 0x14
 1336 057b 18010000 		.4byte	.LASF42
 1337 057f 07010000 		.4byte	.LASF43
 1338 0583 0A       		.byte	0xa
 1339 0584 00       		.byte	0
 1340 0585 18010000 		.4byte	.LASF42
 1341 0589 15       		.uleb128 0x15
 1342 058a F2010000 		.4byte	.LASF44
 1343 058e F2010000 		.4byte	.LASF44
 1344 0592 16       		.uleb128 0x16
 1345 0593 C6000000 		.4byte	.LASF27
 1346 0597 C6000000 		.4byte	.LASF27
 1347 059b 02       		.byte	0x2
 1348 059c 17       		.byte	0x17
 1349 059d 16       		.uleb128 0x16
 1350 059e B7020000 		.4byte	.LASF28
 1351 05a2 B7020000 		.4byte	.LASF28
 1352 05a6 03       		.byte	0x3
 1353 05a7 EC       		.byte	0xec
 1354 05a8 16       		.uleb128 0x16
 1355 05a9 BF020000 		.4byte	.LASF29
 1356 05ad BF020000 		.4byte	.LASF29
 1357 05b1 04       		.byte	0x4
 1358 05b2 39       		.byte	0x39
 1359 05b3 16       		.uleb128 0x16
 1360 05b4 36010000 		.4byte	.LASF30
 1361 05b8 36010000 		.4byte	.LASF30
 1362 05bc 04       		.byte	0x4
 1363 05bd 32       		.byte	0x32
 1364 05be 16       		.uleb128 0x16
 1365 05bf 66000000 		.4byte	.LASF31
 1366 05c3 66000000 		.4byte	.LASF31
 1367 05c7 05       		.byte	0x5
 1368 05c8 33       		.byte	0x33
 1369 05c9 16       		.uleb128 0x16
 1370 05ca F1000000 		.4byte	.LASF32
 1371 05ce F1000000 		.4byte	.LASF32
 1372 05d2 06       		.byte	0x6
 1373 05d3 1A       		.byte	0x1a
 1374 05d4 16       		.uleb128 0x16
 1375 05d5 E6000000 		.4byte	.LASF33
 1376 05d9 E6000000 		.4byte	.LASF33
 1377 05dd 07       		.byte	0x7
 1378 05de 72       		.byte	0x72
 1379 05df 16       		.uleb128 0x16
 1380 05e0 0B000000 		.4byte	.LASF34
 1381 05e4 0B000000 		.4byte	.LASF34
 1382 05e8 08       		.byte	0x8
 1383 05e9 18       		.byte	0x18
 1384 05ea 16       		.uleb128 0x16
 1385 05eb 31020000 		.4byte	.LASF35
 1386 05ef 31020000 		.4byte	.LASF35
 1387 05f3 08       		.byte	0x8
ARM GAS  C:\Users\biosh\AppData\Local\Temp\ccsqKlHg.s 			page 29


 1388 05f4 23       		.byte	0x23
 1389 05f5 00       		.byte	0
 1390              		.section	.debug_abbrev,"",%progbits
 1391              	.Ldebug_abbrev0:
 1392 0000 01       		.uleb128 0x1
 1393 0001 11       		.uleb128 0x11
 1394 0002 01       		.byte	0x1
 1395 0003 25       		.uleb128 0x25
 1396 0004 0E       		.uleb128 0xe
 1397 0005 13       		.uleb128 0x13
 1398 0006 0B       		.uleb128 0xb
 1399 0007 03       		.uleb128 0x3
 1400 0008 0E       		.uleb128 0xe
 1401 0009 1B       		.uleb128 0x1b
 1402 000a 0E       		.uleb128 0xe
 1403 000b 55       		.uleb128 0x55
 1404 000c 17       		.uleb128 0x17
 1405 000d 11       		.uleb128 0x11
 1406 000e 01       		.uleb128 0x1
 1407 000f 10       		.uleb128 0x10
 1408 0010 17       		.uleb128 0x17
 1409 0011 00       		.byte	0
 1410 0012 00       		.byte	0
 1411 0013 02       		.uleb128 0x2
 1412 0014 24       		.uleb128 0x24
 1413 0015 00       		.byte	0
 1414 0016 0B       		.uleb128 0xb
 1415 0017 0B       		.uleb128 0xb
 1416 0018 3E       		.uleb128 0x3e
 1417 0019 0B       		.uleb128 0xb
 1418 001a 03       		.uleb128 0x3
 1419 001b 0E       		.uleb128 0xe
 1420 001c 00       		.byte	0
 1421 001d 00       		.byte	0
 1422 001e 03       		.uleb128 0x3
 1423 001f 24       		.uleb128 0x24
 1424 0020 00       		.byte	0
 1425 0021 0B       		.uleb128 0xb
 1426 0022 0B       		.uleb128 0xb
 1427 0023 3E       		.uleb128 0x3e
 1428 0024 0B       		.uleb128 0xb
 1429 0025 03       		.uleb128 0x3
 1430 0026 08       		.uleb128 0x8
 1431 0027 00       		.byte	0
 1432 0028 00       		.byte	0
 1433 0029 04       		.uleb128 0x4
 1434 002a 16       		.uleb128 0x16
 1435 002b 00       		.byte	0
 1436 002c 03       		.uleb128 0x3
 1437 002d 0E       		.uleb128 0xe
 1438 002e 3A       		.uleb128 0x3a
 1439 002f 0B       		.uleb128 0xb
 1440 0030 3B       		.uleb128 0x3b
 1441 0031 05       		.uleb128 0x5
 1442 0032 49       		.uleb128 0x49
 1443 0033 13       		.uleb128 0x13
 1444 0034 00       		.byte	0
ARM GAS  C:\Users\biosh\AppData\Local\Temp\ccsqKlHg.s 			page 30


 1445 0035 00       		.byte	0
 1446 0036 05       		.uleb128 0x5
 1447 0037 0F       		.uleb128 0xf
 1448 0038 00       		.byte	0
 1449 0039 0B       		.uleb128 0xb
 1450 003a 0B       		.uleb128 0xb
 1451 003b 49       		.uleb128 0x49
 1452 003c 13       		.uleb128 0x13
 1453 003d 00       		.byte	0
 1454 003e 00       		.byte	0
 1455 003f 06       		.uleb128 0x6
 1456 0040 26       		.uleb128 0x26
 1457 0041 00       		.byte	0
 1458 0042 49       		.uleb128 0x49
 1459 0043 13       		.uleb128 0x13
 1460 0044 00       		.byte	0
 1461 0045 00       		.byte	0
 1462 0046 07       		.uleb128 0x7
 1463 0047 2E       		.uleb128 0x2e
 1464 0048 01       		.byte	0x1
 1465 0049 3F       		.uleb128 0x3f
 1466 004a 19       		.uleb128 0x19
 1467 004b 03       		.uleb128 0x3
 1468 004c 0E       		.uleb128 0xe
 1469 004d 3A       		.uleb128 0x3a
 1470 004e 0B       		.uleb128 0xb
 1471 004f 3B       		.uleb128 0x3b
 1472 0050 0B       		.uleb128 0xb
 1473 0051 27       		.uleb128 0x27
 1474 0052 19       		.uleb128 0x19
 1475 0053 11       		.uleb128 0x11
 1476 0054 01       		.uleb128 0x1
 1477 0055 12       		.uleb128 0x12
 1478 0056 06       		.uleb128 0x6
 1479 0057 40       		.uleb128 0x40
 1480 0058 18       		.uleb128 0x18
 1481 0059 9742     		.uleb128 0x2117
 1482 005b 19       		.uleb128 0x19
 1483 005c 01       		.uleb128 0x1
 1484 005d 13       		.uleb128 0x13
 1485 005e 00       		.byte	0
 1486 005f 00       		.byte	0
 1487 0060 08       		.uleb128 0x8
 1488 0061 05       		.uleb128 0x5
 1489 0062 00       		.byte	0
 1490 0063 03       		.uleb128 0x3
 1491 0064 0E       		.uleb128 0xe
 1492 0065 3A       		.uleb128 0x3a
 1493 0066 0B       		.uleb128 0xb
 1494 0067 3B       		.uleb128 0x3b
 1495 0068 0B       		.uleb128 0xb
 1496 0069 49       		.uleb128 0x49
 1497 006a 13       		.uleb128 0x13
 1498 006b 02       		.uleb128 0x2
 1499 006c 17       		.uleb128 0x17
 1500 006d 00       		.byte	0
 1501 006e 00       		.byte	0
ARM GAS  C:\Users\biosh\AppData\Local\Temp\ccsqKlHg.s 			page 31


 1502 006f 09       		.uleb128 0x9
 1503 0070 898201   		.uleb128 0x4109
 1504 0073 01       		.byte	0x1
 1505 0074 11       		.uleb128 0x11
 1506 0075 01       		.uleb128 0x1
 1507 0076 31       		.uleb128 0x31
 1508 0077 13       		.uleb128 0x13
 1509 0078 01       		.uleb128 0x1
 1510 0079 13       		.uleb128 0x13
 1511 007a 00       		.byte	0
 1512 007b 00       		.byte	0
 1513 007c 0A       		.uleb128 0xa
 1514 007d 8A8201   		.uleb128 0x410a
 1515 0080 00       		.byte	0
 1516 0081 02       		.uleb128 0x2
 1517 0082 18       		.uleb128 0x18
 1518 0083 9142     		.uleb128 0x2111
 1519 0085 18       		.uleb128 0x18
 1520 0086 00       		.byte	0
 1521 0087 00       		.byte	0
 1522 0088 0B       		.uleb128 0xb
 1523 0089 898201   		.uleb128 0x4109
 1524 008c 00       		.byte	0
 1525 008d 11       		.uleb128 0x11
 1526 008e 01       		.uleb128 0x1
 1527 008f 31       		.uleb128 0x31
 1528 0090 13       		.uleb128 0x13
 1529 0091 00       		.byte	0
 1530 0092 00       		.byte	0
 1531 0093 0C       		.uleb128 0xc
 1532 0094 898201   		.uleb128 0x4109
 1533 0097 01       		.byte	0x1
 1534 0098 11       		.uleb128 0x11
 1535 0099 01       		.uleb128 0x1
 1536 009a 31       		.uleb128 0x31
 1537 009b 13       		.uleb128 0x13
 1538 009c 00       		.byte	0
 1539 009d 00       		.byte	0
 1540 009e 0D       		.uleb128 0xd
 1541 009f 34       		.uleb128 0x34
 1542 00a0 00       		.byte	0
 1543 00a1 03       		.uleb128 0x3
 1544 00a2 08       		.uleb128 0x8
 1545 00a3 3A       		.uleb128 0x3a
 1546 00a4 0B       		.uleb128 0xb
 1547 00a5 3B       		.uleb128 0x3b
 1548 00a6 0B       		.uleb128 0xb
 1549 00a7 49       		.uleb128 0x49
 1550 00a8 13       		.uleb128 0x13
 1551 00a9 02       		.uleb128 0x2
 1552 00aa 17       		.uleb128 0x17
 1553 00ab 00       		.byte	0
 1554 00ac 00       		.byte	0
 1555 00ad 0E       		.uleb128 0xe
 1556 00ae 2E       		.uleb128 0x2e
 1557 00af 00       		.byte	0
 1558 00b0 3F       		.uleb128 0x3f
ARM GAS  C:\Users\biosh\AppData\Local\Temp\ccsqKlHg.s 			page 32


 1559 00b1 19       		.uleb128 0x19
 1560 00b2 03       		.uleb128 0x3
 1561 00b3 0E       		.uleb128 0xe
 1562 00b4 3A       		.uleb128 0x3a
 1563 00b5 0B       		.uleb128 0xb
 1564 00b6 3B       		.uleb128 0x3b
 1565 00b7 0B       		.uleb128 0xb
 1566 00b8 27       		.uleb128 0x27
 1567 00b9 19       		.uleb128 0x19
 1568 00ba 11       		.uleb128 0x11
 1569 00bb 01       		.uleb128 0x1
 1570 00bc 12       		.uleb128 0x12
 1571 00bd 06       		.uleb128 0x6
 1572 00be 40       		.uleb128 0x40
 1573 00bf 18       		.uleb128 0x18
 1574 00c0 9742     		.uleb128 0x2117
 1575 00c2 19       		.uleb128 0x19
 1576 00c3 00       		.byte	0
 1577 00c4 00       		.byte	0
 1578 00c5 0F       		.uleb128 0xf
 1579 00c6 34       		.uleb128 0x34
 1580 00c7 00       		.byte	0
 1581 00c8 03       		.uleb128 0x3
 1582 00c9 0E       		.uleb128 0xe
 1583 00ca 3A       		.uleb128 0x3a
 1584 00cb 0B       		.uleb128 0xb
 1585 00cc 3B       		.uleb128 0x3b
 1586 00cd 0B       		.uleb128 0xb
 1587 00ce 49       		.uleb128 0x49
 1588 00cf 13       		.uleb128 0x13
 1589 00d0 02       		.uleb128 0x2
 1590 00d1 18       		.uleb128 0x18
 1591 00d2 00       		.byte	0
 1592 00d3 00       		.byte	0
 1593 00d4 10       		.uleb128 0x10
 1594 00d5 34       		.uleb128 0x34
 1595 00d6 00       		.byte	0
 1596 00d7 03       		.uleb128 0x3
 1597 00d8 0E       		.uleb128 0xe
 1598 00d9 3A       		.uleb128 0x3a
 1599 00da 0B       		.uleb128 0xb
 1600 00db 3B       		.uleb128 0x3b
 1601 00dc 0B       		.uleb128 0xb
 1602 00dd 49       		.uleb128 0x49
 1603 00de 13       		.uleb128 0x13
 1604 00df 3F       		.uleb128 0x3f
 1605 00e0 19       		.uleb128 0x19
 1606 00e1 02       		.uleb128 0x2
 1607 00e2 18       		.uleb128 0x18
 1608 00e3 00       		.byte	0
 1609 00e4 00       		.byte	0
 1610 00e5 11       		.uleb128 0x11
 1611 00e6 01       		.uleb128 0x1
 1612 00e7 01       		.byte	0x1
 1613 00e8 49       		.uleb128 0x49
 1614 00e9 13       		.uleb128 0x13
 1615 00ea 01       		.uleb128 0x1
ARM GAS  C:\Users\biosh\AppData\Local\Temp\ccsqKlHg.s 			page 33


 1616 00eb 13       		.uleb128 0x13
 1617 00ec 00       		.byte	0
 1618 00ed 00       		.byte	0
 1619 00ee 12       		.uleb128 0x12
 1620 00ef 21       		.uleb128 0x21
 1621 00f0 00       		.byte	0
 1622 00f1 49       		.uleb128 0x49
 1623 00f2 13       		.uleb128 0x13
 1624 00f3 2F       		.uleb128 0x2f
 1625 00f4 0B       		.uleb128 0xb
 1626 00f5 00       		.byte	0
 1627 00f6 00       		.byte	0
 1628 00f7 13       		.uleb128 0x13
 1629 00f8 34       		.uleb128 0x34
 1630 00f9 00       		.byte	0
 1631 00fa 03       		.uleb128 0x3
 1632 00fb 08       		.uleb128 0x8
 1633 00fc 3A       		.uleb128 0x3a
 1634 00fd 0B       		.uleb128 0xb
 1635 00fe 3B       		.uleb128 0x3b
 1636 00ff 0B       		.uleb128 0xb
 1637 0100 49       		.uleb128 0x49
 1638 0101 13       		.uleb128 0x13
 1639 0102 3F       		.uleb128 0x3f
 1640 0103 19       		.uleb128 0x19
 1641 0104 02       		.uleb128 0x2
 1642 0105 18       		.uleb128 0x18
 1643 0106 00       		.byte	0
 1644 0107 00       		.byte	0
 1645 0108 14       		.uleb128 0x14
 1646 0109 2E       		.uleb128 0x2e
 1647 010a 00       		.byte	0
 1648 010b 3F       		.uleb128 0x3f
 1649 010c 19       		.uleb128 0x19
 1650 010d 3C       		.uleb128 0x3c
 1651 010e 19       		.uleb128 0x19
 1652 010f 6E       		.uleb128 0x6e
 1653 0110 0E       		.uleb128 0xe
 1654 0111 03       		.uleb128 0x3
 1655 0112 0E       		.uleb128 0xe
 1656 0113 3A       		.uleb128 0x3a
 1657 0114 0B       		.uleb128 0xb
 1658 0115 3B       		.uleb128 0x3b
 1659 0116 0B       		.uleb128 0xb
 1660 0117 6E       		.uleb128 0x6e
 1661 0118 0E       		.uleb128 0xe
 1662 0119 00       		.byte	0
 1663 011a 00       		.byte	0
 1664 011b 15       		.uleb128 0x15
 1665 011c 2E       		.uleb128 0x2e
 1666 011d 00       		.byte	0
 1667 011e 3F       		.uleb128 0x3f
 1668 011f 19       		.uleb128 0x19
 1669 0120 3C       		.uleb128 0x3c
 1670 0121 19       		.uleb128 0x19
 1671 0122 6E       		.uleb128 0x6e
 1672 0123 0E       		.uleb128 0xe
ARM GAS  C:\Users\biosh\AppData\Local\Temp\ccsqKlHg.s 			page 34


 1673 0124 03       		.uleb128 0x3
 1674 0125 0E       		.uleb128 0xe
 1675 0126 00       		.byte	0
 1676 0127 00       		.byte	0
 1677 0128 16       		.uleb128 0x16
 1678 0129 2E       		.uleb128 0x2e
 1679 012a 00       		.byte	0
 1680 012b 3F       		.uleb128 0x3f
 1681 012c 19       		.uleb128 0x19
 1682 012d 3C       		.uleb128 0x3c
 1683 012e 19       		.uleb128 0x19
 1684 012f 6E       		.uleb128 0x6e
 1685 0130 0E       		.uleb128 0xe
 1686 0131 03       		.uleb128 0x3
 1687 0132 0E       		.uleb128 0xe
 1688 0133 3A       		.uleb128 0x3a
 1689 0134 0B       		.uleb128 0xb
 1690 0135 3B       		.uleb128 0x3b
 1691 0136 0B       		.uleb128 0xb
 1692 0137 00       		.byte	0
 1693 0138 00       		.byte	0
 1694 0139 00       		.byte	0
 1695              		.section	.debug_loc,"",%progbits
 1696              	.Ldebug_loc0:
 1697              	.LLST0:
 1698 0000 00000000 		.4byte	.LVL0
 1699 0004 08000000 		.4byte	.LVL1
 1700 0008 0100     		.2byte	0x1
 1701 000a 50       		.byte	0x50
 1702 000b 08000000 		.4byte	.LVL1
 1703 000f 54000000 		.4byte	.LVL12
 1704 0013 0100     		.2byte	0x1
 1705 0015 55       		.byte	0x55
 1706 0016 54000000 		.4byte	.LVL12
 1707 001a 70000000 		.4byte	.LFE35
 1708 001e 0400     		.2byte	0x4
 1709 0020 F3       		.byte	0xf3
 1710 0021 01       		.uleb128 0x1
 1711 0022 50       		.byte	0x50
 1712 0023 9F       		.byte	0x9f
 1713 0024 00000000 		.4byte	0
 1714 0028 00000000 		.4byte	0
 1715              	.LLST1:
 1716 002c 06000000 		.4byte	.LVL13
 1717 0030 0C000000 		.4byte	.LVL14
 1718 0034 0200     		.2byte	0x2
 1719 0036 30       		.byte	0x30
 1720 0037 9F       		.byte	0x9f
 1721 0038 0C000000 		.4byte	.LVL14
 1722 003c 40000000 		.4byte	.LVL22
 1723 0040 0100     		.2byte	0x1
 1724 0042 54       		.byte	0x54
 1725 0043 42000000 		.4byte	.LVL23
 1726 0047 1C020000 		.4byte	.LVL55
 1727 004b 0100     		.2byte	0x1
 1728 004d 54       		.byte	0x54
 1729 004e 00000000 		.4byte	0
ARM GAS  C:\Users\biosh\AppData\Local\Temp\ccsqKlHg.s 			page 35


 1730 0052 00000000 		.4byte	0
 1731              	.LLST2:
 1732 0056 06000000 		.4byte	.LVL13
 1733 005a 0C000000 		.4byte	.LVL14
 1734 005e 0200     		.2byte	0x2
 1735 0060 30       		.byte	0x30
 1736 0061 9F       		.byte	0x9f
 1737 0062 0C000000 		.4byte	.LVL14
 1738 0066 2E000000 		.4byte	.LVL19
 1739 006a 0100     		.2byte	0x1
 1740 006c 55       		.byte	0x55
 1741 006d 30000000 		.4byte	.LVL20
 1742 0071 1C020000 		.4byte	.LVL56
 1743 0075 0100     		.2byte	0x1
 1744 0077 55       		.byte	0x55
 1745 0078 00000000 		.4byte	0
 1746 007c 00000000 		.4byte	0
 1747              		.section	.debug_aranges,"",%progbits
 1748 0000 34000000 		.4byte	0x34
 1749 0004 0200     		.2byte	0x2
 1750 0006 00000000 		.4byte	.Ldebug_info0
 1751 000a 04       		.byte	0x4
 1752 000b 00       		.byte	0
 1753 000c 0000     		.2byte	0
 1754 000e 0000     		.2byte	0
 1755 0010 00000000 		.4byte	.LFB35
 1756 0014 70000000 		.4byte	.LFE35-.LFB35
 1757 0018 00000000 		.4byte	.LFB38
 1758 001c 30020000 		.4byte	.LFE38-.LFB38
 1759 0020 00000000 		.4byte	.LFB36
 1760 0024 02000000 		.4byte	.LFE36-.LFB36
 1761 0028 00000000 		.4byte	.LFB37
 1762 002c 1C000000 		.4byte	.LFE37-.LFB37
 1763 0030 00000000 		.4byte	0
 1764 0034 00000000 		.4byte	0
 1765              		.section	.debug_ranges,"",%progbits
 1766              	.Ldebug_ranges0:
 1767 0000 00000000 		.4byte	.LFB35
 1768 0004 70000000 		.4byte	.LFE35
 1769 0008 00000000 		.4byte	.LFB38
 1770 000c 30020000 		.4byte	.LFE38
 1771 0010 00000000 		.4byte	.LFB36
 1772 0014 02000000 		.4byte	.LFE36
 1773 0018 00000000 		.4byte	.LFB37
 1774 001c 1C000000 		.4byte	.LFE37
 1775 0020 00000000 		.4byte	0
 1776 0024 00000000 		.4byte	0
 1777              		.section	.debug_line,"",%progbits
 1778              	.Ldebug_line0:
 1779 0000 CC010000 		.section	.debug_str,"MS",%progbits,1
 1779      02000B01 
 1779      00000201 
 1779      FB0E0D00 
 1779      01010101 
 1780              	.LASF21:
 1781 0000 636F6E74 		.ascii	"contrasena\000"
 1781      72617365 
ARM GAS  C:\Users\biosh\AppData\Local\Temp\ccsqKlHg.s 			page 36


 1781      6E6100
 1782              	.LASF34:
 1783 000b 49737252 		.ascii	"IsrRowPins_StartEx\000"
 1783      6F775069 
 1783      6E735F53 
 1783      74617274 
 1783      457800
 1784              	.LASF17:
 1785 001e 76616C69 		.ascii	"validkey\000"
 1785      646B6579 
 1785      00
 1786              	.LASF37:
 1787 0027 4B657970 		.ascii	"Keypad.c\000"
 1787      61642E63 
 1787      00
 1788              	.LASF14:
 1789 0030 43686563 		.ascii	"CheckPassword\000"
 1789      6B506173 
 1789      73776F72 
 1789      6400
 1790              	.LASF19:
 1791 003e 76616C75 		.ascii	"value\000"
 1791      6500
 1792              	.LASF8:
 1793 0044 756E7369 		.ascii	"unsigned int\000"
 1793      676E6564 
 1793      20696E74 
 1793      00
 1794              	.LASF10:
 1795 0051 646F7562 		.ascii	"double\000"
 1795      6C6500
 1796              	.LASF22:
 1797 0058 696E7075 		.ascii	"inputPassword\000"
 1797      74506173 
 1797      73776F72 
 1797      6400
 1798              	.LASF31:
 1799 0066 436F6C5F 		.ascii	"Col_Write\000"
 1799      57726974 
 1799      6500
 1800              	.LASF41:
 1801 0070 4B657970 		.ascii	"Keypad_stop\000"
 1801      61645F73 
 1801      746F7000 
 1802              	.LASF9:
 1803 007c 666C6F61 		.ascii	"float\000"
 1803      7400
 1804              	.LASF39:
 1805 0082 75696E74 		.ascii	"uint8\000"
 1805      3800
 1806              	.LASF20:
 1807 0088 73686F77 		.ascii	"show\000"
 1807      00
 1808              	.LASF1:
 1809 008d 756E7369 		.ascii	"unsigned char\000"
 1809      676E6564 
 1809      20636861 
ARM GAS  C:\Users\biosh\AppData\Local\Temp\ccsqKlHg.s 			page 37


 1809      7200
 1810              	.LASF40:
 1811 009b 696E7075 		.ascii	"input\000"
 1811      7400
 1812              	.LASF15:
 1813 00a1 496E7465 		.ascii	"InterrupRowButtons\000"
 1813      72727570 
 1813      526F7742 
 1813      7574746F 
 1813      6E7300
 1814              	.LASF5:
 1815 00b4 6C6F6E67 		.ascii	"long unsigned int\000"
 1815      20756E73 
 1815      69676E65 
 1815      6420696E 
 1815      7400
 1816              	.LASF27:
 1817 00c6 5072656E 		.ascii	"PrenderVerde\000"
 1817      64657256 
 1817      65726465 
 1817      00
 1818              	.LASF3:
 1819 00d3 73686F72 		.ascii	"short unsigned int\000"
 1819      7420756E 
 1819      7369676E 
 1819      65642069 
 1819      6E7400
 1820              	.LASF33:
 1821 00e6 55415254 		.ascii	"UART_Start\000"
 1821      5F537461 
 1821      727400
 1822              	.LASF32:
 1823 00f1 73747263 		.ascii	"strcat\000"
 1823      617400
 1824              	.LASF26:
 1825 00f8 6B657931 		.ascii	"key1\000"
 1825      00
 1826              	.LASF24:
 1827 00fd 6B657934 		.ascii	"key4\000"
 1827      00
 1828              	.LASF25:
 1829 0102 6B657937 		.ascii	"key7\000"
 1829      00
 1830              	.LASF43:
 1831 0107 5F5F6275 		.ascii	"__builtin_strlen\000"
 1831      696C7469 
 1831      6E5F7374 
 1831      726C656E 
 1831      00
 1832              	.LASF42:
 1833 0118 7374726C 		.ascii	"strlen\000"
 1833      656E00
 1834              	.LASF7:
 1835 011f 6C6F6E67 		.ascii	"long long unsigned int\000"
 1835      206C6F6E 
 1835      6720756E 
 1835      7369676E 
ARM GAS  C:\Users\biosh\AppData\Local\Temp\ccsqKlHg.s 			page 38


 1835      65642069 
 1836              	.LASF30:
 1837 0136 46696C61 		.ascii	"Filas_Read\000"
 1837      735F5265 
 1837      616400
 1838              	.LASF36:
 1839 0141 474E5520 		.ascii	"GNU C11 5.4.1 20160609 (release) [ARM/embedded-5-br"
 1839      43313120 
 1839      352E342E 
 1839      31203230 
 1839      31363036 
 1840 0174 616E6368 		.ascii	"anch revision 237715] -mcpu=cortex-m0 -mthumb -g -O"
 1840      20726576 
 1840      6973696F 
 1840      6E203233 
 1840      37373135 
 1841 01a7 67202D66 		.ascii	"g -ffunction-sections -ffat-lto-objects\000"
 1841      66756E63 
 1841      74696F6E 
 1841      2D736563 
 1841      74696F6E 
 1842              	.LASF13:
 1843 01cf 73697A65 		.ascii	"sizetype\000"
 1843      74797065 
 1843      00
 1844              	.LASF6:
 1845 01d8 6C6F6E67 		.ascii	"long long int\000"
 1845      206C6F6E 
 1845      6720696E 
 1845      7400
 1846              	.LASF11:
 1847 01e6 63686172 		.ascii	"char\000"
 1847      00
 1848              	.LASF23:
 1849 01eb 6B657961 		.ascii	"keyast\000"
 1849      737400
 1850              	.LASF44:
 1851 01f2 6D656D63 		.ascii	"memcpy\000"
 1851      707900
 1852              	.LASF2:
 1853 01f9 73686F72 		.ascii	"short int\000"
 1853      7420696E 
 1853      7400
 1854              	.LASF16:
 1855 0203 4B657970 		.ascii	"Keypad_start\000"
 1855      61645F73 
 1855      74617274 
 1855      00
 1856              	.LASF4:
 1857 0210 6C6F6E67 		.ascii	"long int\000"
 1857      20696E74 
 1857      00
 1858              	.LASF12:
 1859 0219 6C6F6E67 		.ascii	"long double\000"
 1859      20646F75 
 1859      626C6500 
 1860              	.LASF0:
ARM GAS  C:\Users\biosh\AppData\Local\Temp\ccsqKlHg.s 			page 39


 1861 0225 7369676E 		.ascii	"signed char\000"
 1861      65642063 
 1861      68617200 
 1862              	.LASF35:
 1863 0231 49737252 		.ascii	"IsrRowPins_Enable\000"
 1863      6F775069 
 1863      6E735F45 
 1863      6E61626C 
 1863      6500
 1864              	.LASF18:
 1865 0243 5F426F6F 		.ascii	"_Bool\000"
 1865      6C00
 1866              	.LASF38:
 1867 0249 433A5C55 		.ascii	"C:\\Users\\biosh\\Desktop\\Universidad\\quinto parc"
 1867      73657273 
 1867      5C62696F 
 1867      73685C44 
 1867      65736B74 
 1868 0277 69616C5C 		.ascii	"ial\\Programacion embebida\\ordinario\\Ordinario ca"
 1868      50726F67 
 1868      72616D61 
 1868      63696F6E 
 1868      20656D62 
 1869 02a7 6A612066 		.ascii	"ja fuerte.cydsn\000"
 1869      75657274 
 1869      652E6379 
 1869      64736E00 
 1870              	.LASF28:
 1871 02b7 43794465 		.ascii	"CyDelay\000"
 1871      6C617900 
 1872              	.LASF29:
 1873 02bf 46696C61 		.ascii	"Filas_ClearInterrupt\000"
 1873      735F436C 
 1873      65617249 
 1873      6E746572 
 1873      72757074 
 1874              		.ident	"GCC: (GNU Tools for ARM Embedded Processors) 5.4.1 20160609 (release) [ARM/embedded-5-bran
