ARM GAS  C:\Users\aguer\AppData\Local\Temp\ccn5JQ4x.s 			page 1


   1              		.syntax unified
   2              		.cpu cortex-m0
   3              		.fpu softvfp
   4              		.eabi_attribute 20, 1
   5              		.eabi_attribute 21, 1
   6              		.eabi_attribute 23, 3
   7              		.eabi_attribute 24, 1
   8              		.eabi_attribute 25, 1
   9              		.eabi_attribute 26, 1
  10              		.eabi_attribute 30, 1
  11              		.eabi_attribute 34, 0
  12              		.eabi_attribute 18, 4
  13              		.thumb
  14              		.syntax unified
  15              		.file	"Lib_led.c"
  16              		.text
  17              	.Ltext0:
  18              		.cfi_sections	.debug_frame
  19              		.section	.text.PrenderVerde,"ax",%progbits
  20              		.align	2
  21              		.global	PrenderVerde
  22              		.code	16
  23              		.thumb_func
  24              		.type	PrenderVerde, %function
  25              	PrenderVerde:
  26              	.LFB34:
  27              		.file 1 "Lib_led.c"
   1:Lib_led.c     **** /* ========================================
   2:Lib_led.c     ****  *
   3:Lib_led.c     ****  * Copyright YOUR COMPANY, THE YEAR
   4:Lib_led.c     ****  * All Rights Reserved
   5:Lib_led.c     ****  * UNPUBLISHED, LICENSED SOFTWARE.
   6:Lib_led.c     ****  *
   7:Lib_led.c     ****  * CONFIDENTIAL AND PROPRIETARY INFORMATION
   8:Lib_led.c     ****  * WHICH IS THE PROPERTY OF your company.
   9:Lib_led.c     ****  *
  10:Lib_led.c     ****  * ========================================
  11:Lib_led.c     **** */
  12:Lib_led.c     **** 
  13:Lib_led.c     **** /* [] END OF FILE */
  14:Lib_led.c     **** 
  15:Lib_led.c     **** #include "project.h"
  16:Lib_led.c     **** #include "Lib_led.h"
  17:Lib_led.c     **** 
  18:Lib_led.c     **** 
  19:Lib_led.c     **** static uint8 EstadoLeds=0x00;
  20:Lib_led.c     **** 
  21:Lib_led.c     **** void PrenderVerde(void){
  28              		.loc 1 21 0
  29              		.cfi_startproc
  30              		@ args = 0, pretend = 0, frame = 0
  31              		@ frame_needed = 0, uses_anonymous_args = 0
  32 0000 10B5     		push	{r4, lr}
  33              		.cfi_def_cfa_offset 8
  34              		.cfi_offset 4, -8
  35              		.cfi_offset 14, -4
  22:Lib_led.c     ****     EstadoLeds |=LedVerde; 
ARM GAS  C:\Users\aguer\AppData\Local\Temp\ccn5JQ4x.s 			page 2


  36              		.loc 1 22 0
  37 0002 044A     		ldr	r2, .L2
  38 0004 1078     		ldrb	r0, [r2]
  39 0006 0123     		movs	r3, #1
  40 0008 1843     		orrs	r0, r3
  41 000a C0B2     		uxtb	r0, r0
  42 000c 1070     		strb	r0, [r2]
  23:Lib_led.c     ****     Led_pins_Write(EstadoLeds); 
  43              		.loc 1 23 0
  44 000e FFF7FEFF 		bl	Led_pins_Write
  45              	.LVL0:
  24:Lib_led.c     **** }
  46              		.loc 1 24 0
  47              		@ sp needed
  48 0012 10BD     		pop	{r4, pc}
  49              	.L3:
  50              		.align	2
  51              	.L2:
  52 0014 00000000 		.word	.LANCHOR0
  53              		.cfi_endproc
  54              	.LFE34:
  55              		.size	PrenderVerde, .-PrenderVerde
  56              		.section	.text.ApagarVerde,"ax",%progbits
  57              		.align	2
  58              		.global	ApagarVerde
  59              		.code	16
  60              		.thumb_func
  61              		.type	ApagarVerde, %function
  62              	ApagarVerde:
  63              	.LFB35:
  25:Lib_led.c     **** void ApagarVerde(void){
  64              		.loc 1 25 0
  65              		.cfi_startproc
  66              		@ args = 0, pretend = 0, frame = 0
  67              		@ frame_needed = 0, uses_anonymous_args = 0
  68 0000 10B5     		push	{r4, lr}
  69              		.cfi_def_cfa_offset 8
  70              		.cfi_offset 4, -8
  71              		.cfi_offset 14, -4
  26:Lib_led.c     ****     EstadoLeds &=~(LedVerde); 
  72              		.loc 1 26 0
  73 0002 044B     		ldr	r3, .L5
  74 0004 1878     		ldrb	r0, [r3]
  75 0006 0122     		movs	r2, #1
  76 0008 9043     		bics	r0, r2
  77 000a 1870     		strb	r0, [r3]
  27:Lib_led.c     ****     Led_pins_Write(EstadoLeds);
  78              		.loc 1 27 0
  79 000c FFF7FEFF 		bl	Led_pins_Write
  80              	.LVL1:
  28:Lib_led.c     **** }
  81              		.loc 1 28 0
  82              		@ sp needed
  83 0010 10BD     		pop	{r4, pc}
  84              	.L6:
  85 0012 C046     		.align	2
  86              	.L5:
ARM GAS  C:\Users\aguer\AppData\Local\Temp\ccn5JQ4x.s 			page 3


  87 0014 00000000 		.word	.LANCHOR0
  88              		.cfi_endproc
  89              	.LFE35:
  90              		.size	ApagarVerde, .-ApagarVerde
  91              		.section	.text.PrenderAmarillo,"ax",%progbits
  92              		.align	2
  93              		.global	PrenderAmarillo
  94              		.code	16
  95              		.thumb_func
  96              		.type	PrenderAmarillo, %function
  97              	PrenderAmarillo:
  98              	.LFB36:
  29:Lib_led.c     **** void PrenderAmarillo(void){
  99              		.loc 1 29 0
 100              		.cfi_startproc
 101              		@ args = 0, pretend = 0, frame = 0
 102              		@ frame_needed = 0, uses_anonymous_args = 0
 103 0000 10B5     		push	{r4, lr}
 104              		.cfi_def_cfa_offset 8
 105              		.cfi_offset 4, -8
 106              		.cfi_offset 14, -4
  30:Lib_led.c     ****     EstadoLeds |=LedAmarillo; 
 107              		.loc 1 30 0
 108 0002 044A     		ldr	r2, .L8
 109 0004 1078     		ldrb	r0, [r2]
 110 0006 0223     		movs	r3, #2
 111 0008 1843     		orrs	r0, r3
 112 000a C0B2     		uxtb	r0, r0
 113 000c 1070     		strb	r0, [r2]
  31:Lib_led.c     ****     Led_pins_Write(EstadoLeds); 
 114              		.loc 1 31 0
 115 000e FFF7FEFF 		bl	Led_pins_Write
 116              	.LVL2:
  32:Lib_led.c     **** } 
 117              		.loc 1 32 0
 118              		@ sp needed
 119 0012 10BD     		pop	{r4, pc}
 120              	.L9:
 121              		.align	2
 122              	.L8:
 123 0014 00000000 		.word	.LANCHOR0
 124              		.cfi_endproc
 125              	.LFE36:
 126              		.size	PrenderAmarillo, .-PrenderAmarillo
 127              		.section	.text.ApagarAmarillo,"ax",%progbits
 128              		.align	2
 129              		.global	ApagarAmarillo
 130              		.code	16
 131              		.thumb_func
 132              		.type	ApagarAmarillo, %function
 133              	ApagarAmarillo:
 134              	.LFB37:
  33:Lib_led.c     **** void ApagarAmarillo(void){
 135              		.loc 1 33 0
 136              		.cfi_startproc
 137              		@ args = 0, pretend = 0, frame = 0
 138              		@ frame_needed = 0, uses_anonymous_args = 0
ARM GAS  C:\Users\aguer\AppData\Local\Temp\ccn5JQ4x.s 			page 4


 139 0000 10B5     		push	{r4, lr}
 140              		.cfi_def_cfa_offset 8
 141              		.cfi_offset 4, -8
 142              		.cfi_offset 14, -4
  34:Lib_led.c     ****     EstadoLeds &=~(LedAmarillo); 
 143              		.loc 1 34 0
 144 0002 044B     		ldr	r3, .L11
 145 0004 1878     		ldrb	r0, [r3]
 146 0006 0222     		movs	r2, #2
 147 0008 9043     		bics	r0, r2
 148 000a 1870     		strb	r0, [r3]
  35:Lib_led.c     ****     Led_pins_Write(EstadoLeds);
 149              		.loc 1 35 0
 150 000c FFF7FEFF 		bl	Led_pins_Write
 151              	.LVL3:
  36:Lib_led.c     **** }
 152              		.loc 1 36 0
 153              		@ sp needed
 154 0010 10BD     		pop	{r4, pc}
 155              	.L12:
 156 0012 C046     		.align	2
 157              	.L11:
 158 0014 00000000 		.word	.LANCHOR0
 159              		.cfi_endproc
 160              	.LFE37:
 161              		.size	ApagarAmarillo, .-ApagarAmarillo
 162              		.section	.text.PrenderRojo,"ax",%progbits
 163              		.align	2
 164              		.global	PrenderRojo
 165              		.code	16
 166              		.thumb_func
 167              		.type	PrenderRojo, %function
 168              	PrenderRojo:
 169              	.LFB38:
  37:Lib_led.c     **** void PrenderRojo(void){
 170              		.loc 1 37 0
 171              		.cfi_startproc
 172              		@ args = 0, pretend = 0, frame = 0
 173              		@ frame_needed = 0, uses_anonymous_args = 0
 174 0000 10B5     		push	{r4, lr}
 175              		.cfi_def_cfa_offset 8
 176              		.cfi_offset 4, -8
 177              		.cfi_offset 14, -4
  38:Lib_led.c     ****     EstadoLeds |=LedRojo; 
 178              		.loc 1 38 0
 179 0002 044A     		ldr	r2, .L14
 180 0004 1078     		ldrb	r0, [r2]
 181 0006 0423     		movs	r3, #4
 182 0008 1843     		orrs	r0, r3
 183 000a C0B2     		uxtb	r0, r0
 184 000c 1070     		strb	r0, [r2]
  39:Lib_led.c     ****     Led_pins_Write(EstadoLeds); 
 185              		.loc 1 39 0
 186 000e FFF7FEFF 		bl	Led_pins_Write
 187              	.LVL4:
  40:Lib_led.c     **** }
 188              		.loc 1 40 0
ARM GAS  C:\Users\aguer\AppData\Local\Temp\ccn5JQ4x.s 			page 5


 189              		@ sp needed
 190 0012 10BD     		pop	{r4, pc}
 191              	.L15:
 192              		.align	2
 193              	.L14:
 194 0014 00000000 		.word	.LANCHOR0
 195              		.cfi_endproc
 196              	.LFE38:
 197              		.size	PrenderRojo, .-PrenderRojo
 198              		.section	.text.ApagarRojo,"ax",%progbits
 199              		.align	2
 200              		.global	ApagarRojo
 201              		.code	16
 202              		.thumb_func
 203              		.type	ApagarRojo, %function
 204              	ApagarRojo:
 205              	.LFB39:
  41:Lib_led.c     **** void ApagarRojo(void){
 206              		.loc 1 41 0
 207              		.cfi_startproc
 208              		@ args = 0, pretend = 0, frame = 0
 209              		@ frame_needed = 0, uses_anonymous_args = 0
 210 0000 10B5     		push	{r4, lr}
 211              		.cfi_def_cfa_offset 8
 212              		.cfi_offset 4, -8
 213              		.cfi_offset 14, -4
  42:Lib_led.c     ****     EstadoLeds &=~(LedRojo); 
 214              		.loc 1 42 0
 215 0002 044B     		ldr	r3, .L17
 216 0004 1878     		ldrb	r0, [r3]
 217 0006 0422     		movs	r2, #4
 218 0008 9043     		bics	r0, r2
 219 000a 1870     		strb	r0, [r3]
  43:Lib_led.c     ****     Led_pins_Write(EstadoLeds);
 220              		.loc 1 43 0
 221 000c FFF7FEFF 		bl	Led_pins_Write
 222              	.LVL5:
  44:Lib_led.c     **** }...
 223              		.loc 1 44 0
 224              		@ sp needed
 225 0010 10BD     		pop	{r4, pc}
 226              	.L18:
 227 0012 C046     		.align	2
 228              	.L17:
 229 0014 00000000 		.word	.LANCHOR0
 230              		.cfi_endproc
 231              	.LFE39:
 232              		.size	ApagarRojo, .-ApagarRojo
 233              		.bss
 234              		.set	.LANCHOR0,. + 0
 235              		.type	EstadoLeds, %object
 236              		.size	EstadoLeds, 1
 237              	EstadoLeds:
 238 0000 00       		.space	1
 239              		.text
 240              	.Letext0:
 241              		.file 2 "Generated_Source\\PSoC4/cytypes.h"
ARM GAS  C:\Users\aguer\AppData\Local\Temp\ccn5JQ4x.s 			page 6


 242              		.file 3 "Generated_Source\\PSoC4/Led_pins.h"
 243              		.section	.debug_info,"",%progbits
 244              	.Ldebug_info0:
 245 0000 6D010000 		.4byte	0x16d
 246 0004 0400     		.2byte	0x4
 247 0006 00000000 		.4byte	.Ldebug_abbrev0
 248 000a 04       		.byte	0x4
 249 000b 01       		.uleb128 0x1
 250 000c 4C010000 		.4byte	.LASF20
 251 0010 0C       		.byte	0xc
 252 0011 F6010000 		.4byte	.LASF21
 253 0015 27000000 		.4byte	.LASF22
 254 0019 00000000 		.4byte	.Ldebug_ranges0+0
 255 001d 00000000 		.4byte	0
 256 0021 00000000 		.4byte	.Ldebug_line0
 257 0025 02       		.uleb128 0x2
 258 0026 01       		.byte	0x1
 259 0027 06       		.byte	0x6
 260 0028 EA010000 		.4byte	.LASF0
 261 002c 02       		.uleb128 0x2
 262 002d 01       		.byte	0x1
 263 002e 08       		.byte	0x8
 264 002f 1E010000 		.4byte	.LASF1
 265 0033 02       		.uleb128 0x2
 266 0034 02       		.byte	0x2
 267 0035 05       		.byte	0x5
 268 0036 0C020000 		.4byte	.LASF2
 269 003a 02       		.uleb128 0x2
 270 003b 02       		.byte	0x2
 271 003c 07       		.byte	0x7
 272 003d 05010000 		.4byte	.LASF3
 273 0041 02       		.uleb128 0x2
 274 0042 04       		.byte	0x4
 275 0043 05       		.byte	0x5
 276 0044 31010000 		.4byte	.LASF4
 277 0048 02       		.uleb128 0x2
 278 0049 04       		.byte	0x4
 279 004a 07       		.byte	0x7
 280 004b D0000000 		.4byte	.LASF5
 281 004f 02       		.uleb128 0x2
 282 0050 08       		.byte	0x8
 283 0051 05       		.byte	0x5
 284 0052 00000000 		.4byte	.LASF6
 285 0056 02       		.uleb128 0x2
 286 0057 08       		.byte	0x8
 287 0058 07       		.byte	0x7
 288 0059 EE000000 		.4byte	.LASF7
 289 005d 03       		.uleb128 0x3
 290 005e 04       		.byte	0x4
 291 005f 05       		.byte	0x5
 292 0060 696E7400 		.ascii	"int\000"
 293 0064 02       		.uleb128 0x2
 294 0065 04       		.byte	0x4
 295 0066 07       		.byte	0x7
 296 0067 1A000000 		.4byte	.LASF8
 297 006b 04       		.uleb128 0x4
 298 006c CA000000 		.4byte	.LASF23
ARM GAS  C:\Users\aguer\AppData\Local\Temp\ccn5JQ4x.s 			page 7


 299 0070 02       		.byte	0x2
 300 0071 F701     		.2byte	0x1f7
 301 0073 2C000000 		.4byte	0x2c
 302 0077 02       		.uleb128 0x2
 303 0078 04       		.byte	0x4
 304 0079 04       		.byte	0x4
 305 007a 18010000 		.4byte	.LASF9
 306 007e 02       		.uleb128 0x2
 307 007f 08       		.byte	0x8
 308 0080 04       		.byte	0x4
 309 0081 3A010000 		.4byte	.LASF10
 310 0085 02       		.uleb128 0x2
 311 0086 01       		.byte	0x1
 312 0087 08       		.byte	0x8
 313 0088 2C010000 		.4byte	.LASF11
 314 008c 02       		.uleb128 0x2
 315 008d 04       		.byte	0x4
 316 008e 07       		.byte	0x7
 317 008f 16020000 		.4byte	.LASF12
 318 0093 02       		.uleb128 0x2
 319 0094 08       		.byte	0x8
 320 0095 04       		.byte	0x4
 321 0096 00020000 		.4byte	.LASF13
 322 009a 05       		.uleb128 0x5
 323 009b 1F020000 		.4byte	.LASF14
 324 009f 01       		.byte	0x1
 325 00a0 15       		.byte	0x15
 326 00a1 00000000 		.4byte	.LFB34
 327 00a5 18000000 		.4byte	.LFE34-.LFB34
 328 00a9 01       		.uleb128 0x1
 329 00aa 9C       		.byte	0x9c
 330 00ab B9000000 		.4byte	0xb9
 331 00af 06       		.uleb128 0x6
 332 00b0 12000000 		.4byte	.LVL0
 333 00b4 65010000 		.4byte	0x165
 334 00b8 00       		.byte	0
 335 00b9 05       		.uleb128 0x5
 336 00ba 0E000000 		.4byte	.LASF15
 337 00be 01       		.byte	0x1
 338 00bf 19       		.byte	0x19
 339 00c0 00000000 		.4byte	.LFB35
 340 00c4 18000000 		.4byte	.LFE35-.LFB35
 341 00c8 01       		.uleb128 0x1
 342 00c9 9C       		.byte	0x9c
 343 00ca D8000000 		.4byte	0xd8
 344 00ce 06       		.uleb128 0x6
 345 00cf 10000000 		.4byte	.LVL1
 346 00d3 65010000 		.4byte	0x165
 347 00d7 00       		.byte	0
 348 00d8 05       		.uleb128 0x5
 349 00d9 DA010000 		.4byte	.LASF16
 350 00dd 01       		.byte	0x1
 351 00de 1D       		.byte	0x1d
 352 00df 00000000 		.4byte	.LFB36
 353 00e3 18000000 		.4byte	.LFE36-.LFB36
 354 00e7 01       		.uleb128 0x1
 355 00e8 9C       		.byte	0x9c
ARM GAS  C:\Users\aguer\AppData\Local\Temp\ccn5JQ4x.s 			page 8


 356 00e9 F7000000 		.4byte	0xf7
 357 00ed 06       		.uleb128 0x6
 358 00ee 12000000 		.4byte	.LVL2
 359 00f2 65010000 		.4byte	0x165
 360 00f6 00       		.byte	0
 361 00f7 05       		.uleb128 0x5
 362 00f8 BB000000 		.4byte	.LASF17
 363 00fc 01       		.byte	0x1
 364 00fd 21       		.byte	0x21
 365 00fe 00000000 		.4byte	.LFB37
 366 0102 18000000 		.4byte	.LFE37-.LFB37
 367 0106 01       		.uleb128 0x1
 368 0107 9C       		.byte	0x9c
 369 0108 16010000 		.4byte	0x116
 370 010c 06       		.uleb128 0x6
 371 010d 10000000 		.4byte	.LVL3
 372 0111 65010000 		.4byte	0x165
 373 0115 00       		.byte	0
 374 0116 05       		.uleb128 0x5
 375 0117 E2000000 		.4byte	.LASF18
 376 011b 01       		.byte	0x1
 377 011c 25       		.byte	0x25
 378 011d 00000000 		.4byte	.LFB38
 379 0121 18000000 		.4byte	.LFE38-.LFB38
 380 0125 01       		.uleb128 0x1
 381 0126 9C       		.byte	0x9c
 382 0127 35010000 		.4byte	0x135
 383 012b 06       		.uleb128 0x6
 384 012c 12000000 		.4byte	.LVL4
 385 0130 65010000 		.4byte	0x165
 386 0134 00       		.byte	0
 387 0135 05       		.uleb128 0x5
 388 0136 A1000000 		.4byte	.LASF19
 389 013a 01       		.byte	0x1
 390 013b 29       		.byte	0x29
 391 013c 00000000 		.4byte	.LFB39
 392 0140 18000000 		.4byte	.LFE39-.LFB39
 393 0144 01       		.uleb128 0x1
 394 0145 9C       		.byte	0x9c
 395 0146 54010000 		.4byte	0x154
 396 014a 06       		.uleb128 0x6
 397 014b 10000000 		.4byte	.LVL5
 398 014f 65010000 		.4byte	0x165
 399 0153 00       		.byte	0
 400 0154 07       		.uleb128 0x7
 401 0155 41010000 		.4byte	.LASF24
 402 0159 01       		.byte	0x1
 403 015a 13       		.byte	0x13
 404 015b 6B000000 		.4byte	0x6b
 405 015f 05       		.uleb128 0x5
 406 0160 03       		.byte	0x3
 407 0161 00000000 		.4byte	EstadoLeds
 408 0165 08       		.uleb128 0x8
 409 0166 AC000000 		.4byte	.LASF25
 410 016a AC000000 		.4byte	.LASF25
 411 016e 03       		.byte	0x3
 412 016f 33       		.byte	0x33
ARM GAS  C:\Users\aguer\AppData\Local\Temp\ccn5JQ4x.s 			page 9


 413 0170 00       		.byte	0
 414              		.section	.debug_abbrev,"",%progbits
 415              	.Ldebug_abbrev0:
 416 0000 01       		.uleb128 0x1
 417 0001 11       		.uleb128 0x11
 418 0002 01       		.byte	0x1
 419 0003 25       		.uleb128 0x25
 420 0004 0E       		.uleb128 0xe
 421 0005 13       		.uleb128 0x13
 422 0006 0B       		.uleb128 0xb
 423 0007 03       		.uleb128 0x3
 424 0008 0E       		.uleb128 0xe
 425 0009 1B       		.uleb128 0x1b
 426 000a 0E       		.uleb128 0xe
 427 000b 55       		.uleb128 0x55
 428 000c 17       		.uleb128 0x17
 429 000d 11       		.uleb128 0x11
 430 000e 01       		.uleb128 0x1
 431 000f 10       		.uleb128 0x10
 432 0010 17       		.uleb128 0x17
 433 0011 00       		.byte	0
 434 0012 00       		.byte	0
 435 0013 02       		.uleb128 0x2
 436 0014 24       		.uleb128 0x24
 437 0015 00       		.byte	0
 438 0016 0B       		.uleb128 0xb
 439 0017 0B       		.uleb128 0xb
 440 0018 3E       		.uleb128 0x3e
 441 0019 0B       		.uleb128 0xb
 442 001a 03       		.uleb128 0x3
 443 001b 0E       		.uleb128 0xe
 444 001c 00       		.byte	0
 445 001d 00       		.byte	0
 446 001e 03       		.uleb128 0x3
 447 001f 24       		.uleb128 0x24
 448 0020 00       		.byte	0
 449 0021 0B       		.uleb128 0xb
 450 0022 0B       		.uleb128 0xb
 451 0023 3E       		.uleb128 0x3e
 452 0024 0B       		.uleb128 0xb
 453 0025 03       		.uleb128 0x3
 454 0026 08       		.uleb128 0x8
 455 0027 00       		.byte	0
 456 0028 00       		.byte	0
 457 0029 04       		.uleb128 0x4
 458 002a 16       		.uleb128 0x16
 459 002b 00       		.byte	0
 460 002c 03       		.uleb128 0x3
 461 002d 0E       		.uleb128 0xe
 462 002e 3A       		.uleb128 0x3a
 463 002f 0B       		.uleb128 0xb
 464 0030 3B       		.uleb128 0x3b
 465 0031 05       		.uleb128 0x5
 466 0032 49       		.uleb128 0x49
 467 0033 13       		.uleb128 0x13
 468 0034 00       		.byte	0
 469 0035 00       		.byte	0
ARM GAS  C:\Users\aguer\AppData\Local\Temp\ccn5JQ4x.s 			page 10


 470 0036 05       		.uleb128 0x5
 471 0037 2E       		.uleb128 0x2e
 472 0038 01       		.byte	0x1
 473 0039 3F       		.uleb128 0x3f
 474 003a 19       		.uleb128 0x19
 475 003b 03       		.uleb128 0x3
 476 003c 0E       		.uleb128 0xe
 477 003d 3A       		.uleb128 0x3a
 478 003e 0B       		.uleb128 0xb
 479 003f 3B       		.uleb128 0x3b
 480 0040 0B       		.uleb128 0xb
 481 0041 27       		.uleb128 0x27
 482 0042 19       		.uleb128 0x19
 483 0043 11       		.uleb128 0x11
 484 0044 01       		.uleb128 0x1
 485 0045 12       		.uleb128 0x12
 486 0046 06       		.uleb128 0x6
 487 0047 40       		.uleb128 0x40
 488 0048 18       		.uleb128 0x18
 489 0049 9742     		.uleb128 0x2117
 490 004b 19       		.uleb128 0x19
 491 004c 01       		.uleb128 0x1
 492 004d 13       		.uleb128 0x13
 493 004e 00       		.byte	0
 494 004f 00       		.byte	0
 495 0050 06       		.uleb128 0x6
 496 0051 898201   		.uleb128 0x4109
 497 0054 00       		.byte	0
 498 0055 11       		.uleb128 0x11
 499 0056 01       		.uleb128 0x1
 500 0057 31       		.uleb128 0x31
 501 0058 13       		.uleb128 0x13
 502 0059 00       		.byte	0
 503 005a 00       		.byte	0
 504 005b 07       		.uleb128 0x7
 505 005c 34       		.uleb128 0x34
 506 005d 00       		.byte	0
 507 005e 03       		.uleb128 0x3
 508 005f 0E       		.uleb128 0xe
 509 0060 3A       		.uleb128 0x3a
 510 0061 0B       		.uleb128 0xb
 511 0062 3B       		.uleb128 0x3b
 512 0063 0B       		.uleb128 0xb
 513 0064 49       		.uleb128 0x49
 514 0065 13       		.uleb128 0x13
 515 0066 02       		.uleb128 0x2
 516 0067 18       		.uleb128 0x18
 517 0068 00       		.byte	0
 518 0069 00       		.byte	0
 519 006a 08       		.uleb128 0x8
 520 006b 2E       		.uleb128 0x2e
 521 006c 00       		.byte	0
 522 006d 3F       		.uleb128 0x3f
 523 006e 19       		.uleb128 0x19
 524 006f 3C       		.uleb128 0x3c
 525 0070 19       		.uleb128 0x19
 526 0071 6E       		.uleb128 0x6e
ARM GAS  C:\Users\aguer\AppData\Local\Temp\ccn5JQ4x.s 			page 11


 527 0072 0E       		.uleb128 0xe
 528 0073 03       		.uleb128 0x3
 529 0074 0E       		.uleb128 0xe
 530 0075 3A       		.uleb128 0x3a
 531 0076 0B       		.uleb128 0xb
 532 0077 3B       		.uleb128 0x3b
 533 0078 0B       		.uleb128 0xb
 534 0079 00       		.byte	0
 535 007a 00       		.byte	0
 536 007b 00       		.byte	0
 537              		.section	.debug_aranges,"",%progbits
 538 0000 44000000 		.4byte	0x44
 539 0004 0200     		.2byte	0x2
 540 0006 00000000 		.4byte	.Ldebug_info0
 541 000a 04       		.byte	0x4
 542 000b 00       		.byte	0
 543 000c 0000     		.2byte	0
 544 000e 0000     		.2byte	0
 545 0010 00000000 		.4byte	.LFB34
 546 0014 18000000 		.4byte	.LFE34-.LFB34
 547 0018 00000000 		.4byte	.LFB35
 548 001c 18000000 		.4byte	.LFE35-.LFB35
 549 0020 00000000 		.4byte	.LFB36
 550 0024 18000000 		.4byte	.LFE36-.LFB36
 551 0028 00000000 		.4byte	.LFB37
 552 002c 18000000 		.4byte	.LFE37-.LFB37
 553 0030 00000000 		.4byte	.LFB38
 554 0034 18000000 		.4byte	.LFE38-.LFB38
 555 0038 00000000 		.4byte	.LFB39
 556 003c 18000000 		.4byte	.LFE39-.LFB39
 557 0040 00000000 		.4byte	0
 558 0044 00000000 		.4byte	0
 559              		.section	.debug_ranges,"",%progbits
 560              	.Ldebug_ranges0:
 561 0000 00000000 		.4byte	.LFB34
 562 0004 18000000 		.4byte	.LFE34
 563 0008 00000000 		.4byte	.LFB35
 564 000c 18000000 		.4byte	.LFE35
 565 0010 00000000 		.4byte	.LFB36
 566 0014 18000000 		.4byte	.LFE36
 567 0018 00000000 		.4byte	.LFB37
 568 001c 18000000 		.4byte	.LFE37
 569 0020 00000000 		.4byte	.LFB38
 570 0024 18000000 		.4byte	.LFE38
 571 0028 00000000 		.4byte	.LFB39
 572 002c 18000000 		.4byte	.LFE39
 573 0030 00000000 		.4byte	0
 574 0034 00000000 		.4byte	0
 575              		.section	.debug_line,"",%progbits
 576              	.Ldebug_line0:
 577 0000 C4000000 		.section	.debug_str,"MS",%progbits,1
 577      02005200 
 577      00000201 
 577      FB0E0D00 
 577      01010101 
 578              	.LASF6:
 579 0000 6C6F6E67 		.ascii	"long long int\000"
ARM GAS  C:\Users\aguer\AppData\Local\Temp\ccn5JQ4x.s 			page 12


 579      206C6F6E 
 579      6720696E 
 579      7400
 580              	.LASF15:
 581 000e 41706167 		.ascii	"ApagarVerde\000"
 581      61725665 
 581      72646500 
 582              	.LASF8:
 583 001a 756E7369 		.ascii	"unsigned int\000"
 583      676E6564 
 583      20696E74 
 583      00
 584              	.LASF22:
 585 0027 443A5C44 		.ascii	"D:\\Documentos\\Trabajos\\Universidad\\5toSem\\Elec"
 585      6F63756D 
 585      656E746F 
 585      735C5472 
 585      6162616A 
 586 0055 74726F6E 		.ascii	"tronica\\Ordinario\\Circuitos-embebidos-ordinario\\"
 586      6963615C 
 586      4F726469 
 586      6E617269 
 586      6F5C4369 
 587 0085 4F726469 		.ascii	"Ordinario caja fuerte.cydsn\000"
 587      6E617269 
 587      6F206361 
 587      6A612066 
 587      75657274 
 588              	.LASF19:
 589 00a1 41706167 		.ascii	"ApagarRojo\000"
 589      6172526F 
 589      6A6F00
 590              	.LASF25:
 591 00ac 4C65645F 		.ascii	"Led_pins_Write\000"
 591      70696E73 
 591      5F577269 
 591      746500
 592              	.LASF17:
 593 00bb 41706167 		.ascii	"ApagarAmarillo\000"
 593      6172416D 
 593      6172696C 
 593      6C6F00
 594              	.LASF23:
 595 00ca 75696E74 		.ascii	"uint8\000"
 595      3800
 596              	.LASF5:
 597 00d0 6C6F6E67 		.ascii	"long unsigned int\000"
 597      20756E73 
 597      69676E65 
 597      6420696E 
 597      7400
 598              	.LASF18:
 599 00e2 5072656E 		.ascii	"PrenderRojo\000"
 599      64657252 
 599      6F6A6F00 
 600              	.LASF7:
 601 00ee 6C6F6E67 		.ascii	"long long unsigned int\000"
ARM GAS  C:\Users\aguer\AppData\Local\Temp\ccn5JQ4x.s 			page 13


 601      206C6F6E 
 601      6720756E 
 601      7369676E 
 601      65642069 
 602              	.LASF3:
 603 0105 73686F72 		.ascii	"short unsigned int\000"
 603      7420756E 
 603      7369676E 
 603      65642069 
 603      6E7400
 604              	.LASF9:
 605 0118 666C6F61 		.ascii	"float\000"
 605      7400
 606              	.LASF1:
 607 011e 756E7369 		.ascii	"unsigned char\000"
 607      676E6564 
 607      20636861 
 607      7200
 608              	.LASF11:
 609 012c 63686172 		.ascii	"char\000"
 609      00
 610              	.LASF4:
 611 0131 6C6F6E67 		.ascii	"long int\000"
 611      20696E74 
 611      00
 612              	.LASF10:
 613 013a 646F7562 		.ascii	"double\000"
 613      6C6500
 614              	.LASF24:
 615 0141 45737461 		.ascii	"EstadoLeds\000"
 615      646F4C65 
 615      647300
 616              	.LASF20:
 617 014c 474E5520 		.ascii	"GNU C11 5.4.1 20160609 (release) [ARM/embedded-5-br"
 617      43313120 
 617      352E342E 
 617      31203230 
 617      31363036 
 618 017f 616E6368 		.ascii	"anch revision 237715] -mcpu=cortex-m0 -mthumb -g -O"
 618      20726576 
 618      6973696F 
 618      6E203233 
 618      37373135 
 619 01b2 67202D66 		.ascii	"g -ffunction-sections -ffat-lto-objects\000"
 619      66756E63 
 619      74696F6E 
 619      2D736563 
 619      74696F6E 
 620              	.LASF16:
 621 01da 5072656E 		.ascii	"PrenderAmarillo\000"
 621      64657241 
 621      6D617269 
 621      6C6C6F00 
 622              	.LASF0:
 623 01ea 7369676E 		.ascii	"signed char\000"
 623      65642063 
 623      68617200 
ARM GAS  C:\Users\aguer\AppData\Local\Temp\ccn5JQ4x.s 			page 14


 624              	.LASF21:
 625 01f6 4C69625F 		.ascii	"Lib_led.c\000"
 625      6C65642E 
 625      6300
 626              	.LASF13:
 627 0200 6C6F6E67 		.ascii	"long double\000"
 627      20646F75 
 627      626C6500 
 628              	.LASF2:
 629 020c 73686F72 		.ascii	"short int\000"
 629      7420696E 
 629      7400
 630              	.LASF12:
 631 0216 73697A65 		.ascii	"sizetype\000"
 631      74797065 
 631      00
 632              	.LASF14:
 633 021f 5072656E 		.ascii	"PrenderVerde\000"
 633      64657256 
 633      65726465 
 633      00
 634              		.ident	"GCC: (GNU Tools for ARM Embedded Processors) 5.4.1 20160609 (release) [ARM/embedded-5-bran
